Log file open, 02/09/18 08:48:54
LogWindows: Failed to load 'aqProf.dll' (GetLastError=126)
LogWindows: File 'aqProf.dll' does not exist
LogWindows: Failed to load 'VSPerf140.dll' (GetLastError=126)
LogWindows: File 'VSPerf140.dll' does not exist
LogWindows: Failed to load 'VtuneApi.dll' (GetLastError=126)
LogWindows: File 'VtuneApi.dll' does not exist
LogWindows: Failed to load 'VtuneApi32e.dll' (GetLastError=126)
LogWindows: File 'VtuneApi32e.dll' does not exist
LogInit: Display: Running engine for game: Echoes_Of_Time
LogPlatformFile: Not using cached read wrapper
LogInit: Display: RandInit(-108670545) SRandInit(-108670511).
LogInit: Read version file with build ID '3709383'
LogInit: Overriding engine version to CL 3832480, compatible CL 3709383
LogInit: Registered custom module enumerator with build ID '3709383'
LogTaskGraph: Started task graph with 5 named threads and 26 total threads with 3 sets of task threads.
LogStats: Stats thread started at 0.294942
LogD3D11RHI: Aftermath initialized
LogModuleManager: Display: Found up-to-date module file ../../../Engine/Plugins/2D/Paper2D/Binaries/Win64/UE4Editor-Paper2D.dll (API version 3709383).
LogModuleManager: Display: Found up-to-date module file ../../../Engine/Plugins/2D/Paper2D/Binaries/Win64/UE4Editor-Paper2DEditor.dll (API version 3709383).
LogModuleManager: Display: Found up-to-date module file ../../../Engine/Plugins/2D/Paper2D/Binaries/Win64/UE4Editor-PaperSpriteSheetImporter.dll (API version 3709383).
LogModuleManager: Display: Found up-to-date module file ../../../Engine/Plugins/2D/Paper2D/Binaries/Win64/UE4Editor-PaperTiledImporter.dll (API version 3709383).
LogModuleManager: Display: Found up-to-date module file ../../../Engine/Plugins/2D/Paper2D/Binaries/Win64/UE4Editor-SmartSnapping.dll (API version 3709383).
LogModuleManager: Display: Found up-to-date module file ../../../Engine/Plugins/Blendables/LightPropagationVolume/Binaries/Win64/UE4Editor-LightPropagationVolumeRuntime.dll (API version 3709383).
LogModuleManager: Display: Found up-to-date module file ../../../Engine/Plugins/Blendables/LightPropagationVolume/Binaries/Win64/UE4Editor-LightPropagationVolumeEditor.dll (API version 3709383).
LogModuleManager: Display: Found up-to-date module file ../../../Engine/Plugins/Developer/GitSourceControl/Binaries/Win64/UE4Editor-GitSourceControl.dll (API version 3709383).
LogModuleManager: Display: Found up-to-date module file ../../../Engine/Plugins/Developer/PerforceSourceControl/Binaries/Win64/UE4Editor-PerforceSourceControl.dll (API version 3709383).
LogModuleManager: Display: Found up-to-date module file ../../../Engine/Plugins/Developer/SubversionSourceControl/Binaries/Win64/UE4Editor-SubversionSourceControl.dll (API version 3709383).
LogModuleManager: Display: Found up-to-date module file ../../../Engine/Plugins/Developer/UObjectPlugin/Binaries/Win64/UE4Editor-UObjectPlugin.dll (API version 3709383).
LogModuleManager: Display: Found up-to-date module file ../../../Engine/Plugins/Developer/VisualStudioCodeSourceCodeAccess/Binaries/Win64/UE4Editor-VisualStudioCodeSourceCodeAccess.dll (API version 3709383).
LogModuleManager: Display: Found up-to-date module file ../../../Engine/Plugins/Developer/VisualStudioSourceCodeAccess/Binaries/Win64/UE4Editor-VisualStudioSourceCodeAccess.dll (API version 3709383).
LogModuleManager: Display: Found up-to-date module file ../../../Engine/Plugins/Editor/AssetManagerEditor/Binaries/Win64/UE4Editor-AssetManagerEditor.dll (API version 3709383).
LogModuleManager: Display: Found up-to-date module file ../../../Engine/Plugins/Editor/AudioCapture/Binaries/Win64/UE4Editor-AudioCapture.dll (API version 3709383).
LogModuleManager: Display: Found up-to-date module file ../../../Engine/Plugins/Editor/FacialAnimation/Binaries/Win64/UE4Editor-FacialAnimation.dll (API version 3709383).
LogModuleManager: Display: Found up-to-date module file ../../../Engine/Plugins/Editor/FacialAnimation/Binaries/Win64/UE4Editor-FacialAnimationEditor.dll (API version 3709383).
LogModuleManager: Display: Found up-to-date module file ../../../Engine/Plugins/Editor/GameplayTagsEditor/Binaries/Win64/UE4Editor-GameplayTagsEditor.dll (API version 3709383).
LogModuleManager: Display: Found up-to-date module file ../../../Engine/Plugins/Editor/MobileLauncherProfileWizard/Binaries/Win64/UE4Editor-MobileLauncherProfileWizard.dll (API version 3709383).
LogModuleManager: Display: Found up-to-date module file ../../../Engine/Plugins/Editor/PluginBrowser/Binaries/Win64/UE4Editor-PluginBrowser.dll (API version 3709383).
LogModuleManager: Display: Found up-to-date module file ../../../Engine/Plugins/Editor/SpeedTreeImporter/Binaries/Win64/UE4Editor-SpeedTreeImporter.dll (API version 3709383).
LogModuleManager: Display: Found up-to-date module file ../../../Engine/Plugins/Experimental/AlembicImporter/Binaries/Win64/UE4Editor-AlembicImporter.dll (API version 3709383).
LogModuleManager: Display: Found up-to-date module file ../../../Engine/Plugins/Experimental/AlembicImporter/Binaries/Win64/UE4Editor-AlembicLibrary.dll (API version 3709383).
LogModuleManager: Display: Found up-to-date module file ../../../Engine/Plugins/Experimental/CharacterAI/Binaries/Win64/UE4Editor-CharacterAI.dll (API version 3709383).
LogModuleManager: Display: Found up-to-date module file ../../../Engine/Plugins/Experimental/HTML5Networking/Binaries/Win64/UE4Editor-HTML5Networking.dll (API version 3709383).
LogModuleManager: Display: Found up-to-date module file ../../../Engine/Plugins/Media/AndroidMedia/Binaries/Win64/UE4Editor-AndroidMediaEditor.dll (API version 3709383).
LogModuleManager: Display: Found up-to-date module file ../../../Engine/Plugins/Media/AndroidMedia/Binaries/Win64/UE4Editor-AndroidMediaFactory.dll (API version 3709383).
LogModuleManager: Display: Found up-to-date module file ../../../Engine/Plugins/Media/AvfMedia/Binaries/Win64/UE4Editor-AvfMediaEditor.dll (API version 3709383).
LogModuleManager: Display: Found up-to-date module file ../../../Engine/Plugins/Media/AvfMedia/Binaries/Win64/UE4Editor-AvfMediaFactory.dll (API version 3709383).
LogModuleManager: Display: Found up-to-date module file ../../../Engine/Plugins/Media/AvfMedia/Binaries/Win64/UE4Editor-AvfMediaFactory.dll (API version 3709383).
LogModuleManager: Display: Found up-to-date module file ../../../Engine/Plugins/Media/ImgMedia/Binaries/Win64/UE4Editor-ImgMedia.dll (API version 3709383).
LogModuleManager: Display: Found up-to-date module file ../../../Engine/Plugins/Media/ImgMedia/Binaries/Win64/UE4Editor-ImgMediaEditor.dll (API version 3709383).
LogModuleManager: Display: Found up-to-date module file ../../../Engine/Plugins/Media/ImgMedia/Binaries/Win64/UE4Editor-ImgMediaFactory.dll (API version 3709383).
LogModuleManager: Display: Found up-to-date module file ../../../Engine/Plugins/Media/ImgMedia/Binaries/Win64/UE4Editor-ImgMediaFactory.dll (API version 3709383).
LogModuleManager: Display: Found up-to-date module file ../../../Engine/Plugins/Media/ImgMedia/Binaries/Win64/UE4Editor-OpenExrWrapper.dll (API version 3709383).
LogModuleManager: Display: Found up-to-date module file ../../../Engine/Plugins/Media/MediaCompositing/Binaries/Win64/UE4Editor-MediaCompositing.dll (API version 3709383).
LogModuleManager: Display: Found up-to-date module file ../../../Engine/Plugins/Media/MediaCompositing/Binaries/Win64/UE4Editor-MediaCompositingEditor.dll (API version 3709383).
LogModuleManager: Display: Found up-to-date module file ../../../Engine/Plugins/Media/MediaPlayerEditor/Binaries/Win64/UE4Editor-MediaPlayerEditor.dll (API version 3709383).
LogModuleManager: Display: Found up-to-date module file ../../../Engine/Plugins/Media/WmfMedia/Binaries/Win64/UE4Editor-WmfMedia.dll (API version 3709383).
LogModuleManager: Display: Found up-to-date module file ../../../Engine/Plugins/Media/WmfMedia/Binaries/Win64/UE4Editor-WmfMediaEditor.dll (API version 3709383).
LogModuleManager: Display: Found up-to-date module file ../../../Engine/Plugins/Media/WmfMedia/Binaries/Win64/UE4Editor-WmfMediaFactory.dll (API version 3709383).
LogModuleManager: Display: Found up-to-date module file ../../../Engine/Plugins/Media/WmfMedia/Binaries/Win64/UE4Editor-WmfMediaFactory.dll (API version 3709383).
LogModuleManager: Display: Found up-to-date module file ../../../Engine/Plugins/Messaging/TcpMessaging/Binaries/Win64/UE4Editor-TcpMessaging.dll (API version 3709383).
LogModuleManager: Display: Found up-to-date module file ../../../Engine/Plugins/Messaging/UdpMessaging/Binaries/Win64/UE4Editor-UdpMessaging.dll (API version 3709383).
LogModuleManager: Display: Found up-to-date module file ../../../Engine/Plugins/MovieScene/ActorSequence/Binaries/Win64/UE4Editor-ActorSequence.dll (API version 3709383).
LogModuleManager: Display: Found up-to-date module file ../../../Engine/Plugins/MovieScene/LevelSequenceEditor/Binaries/Win64/UE4Editor-LevelSequenceEditor.dll (API version 3709383).
LogModuleManager: Display: Found up-to-date module file ../../../Engine/Plugins/MovieScene/MatineeToLevelSequence/Binaries/Win64/UE4Editor-MatineeToLevelSequence.dll (API version 3709383).
LogModuleManager: Display: Found up-to-date module file ../../../Engine/Plugins/Online/OnlineSubsystem/Binaries/Win64/UE4Editor-OnlineSubsystem.dll (API version 3709383).
LogModuleManager: Display: Found up-to-date module file ../../../Engine/Plugins/Runtime/AndroidPermission/Binaries/Win64/UE4Editor-AndroidPermission.dll (API version 3709383).
LogModuleManager: Display: Found up-to-date module file ../../../Engine/Plugins/Online/OnlineSubsystemNull/Binaries/Win64/UE4Editor-OnlineSubsystemNull.dll (API version 3709383).
LogModuleManager: Display: Found up-to-date module file ../../../Engine/Plugins/Online/OnlineSubsystemUtils/Binaries/Win64/UE4Editor-OnlineSubsystemUtils.dll (API version 3709383).
LogModuleManager: Display: Found up-to-date module file ../../../Engine/Plugins/Online/OnlineSubsystemUtils/Binaries/Win64/UE4Editor-OnlineBlueprintSupport.dll (API version 3709383).
LogModuleManager: Display: Found up-to-date module file ../../../Engine/Plugins/Runtime/AndroidDeviceProfileSelector/Binaries/Win64/UE4Editor-AndroidDeviceProfileSelector.dll (API version 3709383).
LogModuleManager: Display: Found up-to-date module file ../../../Engine/Plugins/Runtime/AppleARKit/Binaries/Win64/UE4Editor-AppleARKit.dll (API version 3709383).
LogModuleManager: Display: Found up-to-date module file ../../../Engine/Plugins/Runtime/ArchVisCharacter/Binaries/Win64/UE4Editor-ArchVisCharacter.dll (API version 3709383).
LogModuleManager: Display: Found up-to-date module file ../../../Engine/Plugins/Runtime/CableComponent/Binaries/Win64/UE4Editor-CableComponent.dll (API version 3709383).
LogModuleManager: Display: Found up-to-date module file ../../../Engine/Plugins/Runtime/CustomMeshComponent/Binaries/Win64/UE4Editor-CustomMeshComponent.dll (API version 3709383).
LogModuleManager: Display: Found up-to-date module file ../../../Engine/Plugins/Runtime/ExampleDeviceProfileSelector/Binaries/Win64/UE4Editor-ExampleDeviceProfileSelector.dll (API version 3709383).
LogModuleManager: Display: Found up-to-date module file ../../../Engine/Plugins/Runtime/ImmediatePhysics/Binaries/Win64/UE4Editor-ImmediatePhysics.dll (API version 3709383).
LogModuleManager: Display: Found up-to-date module file ../../../Engine/Plugins/Runtime/ImmediatePhysics/Binaries/Win64/UE4Editor-ImmediatePhysicsEditor.dll (API version 3709383).
LogModuleManager: Display: Found up-to-date module file ../../../Engine/Plugins/Runtime/LocationServicesBPLibrary/Binaries/Win64/UE4Editor-LocationServicesBPLibrary.dll (API version 3709383).
LogModuleManager: Display: Found up-to-date module file ../../../Engine/Plugins/Runtime/MobilePatchingUtils/Binaries/Win64/UE4Editor-MobilePatchingUtils.dll (API version 3709383).
LogModuleManager: Display: Found up-to-date module file ../../../Engine/Plugins/Runtime/Oculus/OculusVR/Binaries/Win64/UE4Editor-OculusHMD.dll (API version 3709383).
LogModuleManager: Display: Found up-to-date module file ../../../Engine/Plugins/Runtime/Oculus/OculusVR/Binaries/Win64/UE4Editor-OculusInput.dll (API version 3709383).
LogModuleManager: Display: Found up-to-date module file ../../../Engine/Plugins/Runtime/Oculus/OculusVR/Binaries/Win64/UE4Editor-OculusEditor.dll (API version 3709383).
LogModuleManager: Display: Found up-to-date module file ../../../Engine/Plugins/Runtime/PhysXVehicles/Binaries/Win64/UE4Editor-PhysXVehicles.dll (API version 3709383).
LogModuleManager: Display: Found up-to-date module file ../../../Engine/Plugins/Runtime/PhysXVehicles/Binaries/Win64/UE4Editor-PhysXVehiclesEditor.dll (API version 3709383).
LogModuleManager: Display: Found up-to-date module file ../../../Engine/Plugins/Runtime/ProceduralMeshComponent/Binaries/Win64/UE4Editor-ProceduralMeshComponent.dll (API version 3709383).
LogModuleManager: Display: Found up-to-date module file ../../../Engine/Plugins/Runtime/ProceduralMeshComponent/Binaries/Win64/UE4Editor-ProceduralMeshComponentEditor.dll (API version 3709383).
LogModuleManager: Display: Found up-to-date module file ../../../Engine/Plugins/Runtime/RuntimePhysXCooking/Binaries/Win64/UE4Editor-RuntimePhysXCooking.dll (API version 3709383).
LogModuleManager: Display: Found up-to-date module file ../../../Engine/Plugins/Runtime/Steam/SteamVR/Binaries/Win64/UE4Editor-SteamVR.dll (API version 3709383).
LogModuleManager: Display: Found up-to-date module file ../../../Engine/Plugins/Runtime/Steam/SteamVR/Binaries/Win64/UE4Editor-SteamVRController.dll (API version 3709383).
LogModuleManager: Display: Found up-to-date module file ../../../Engine/Plugins/Runtime/WindowsMoviePlayer/Binaries/Win64/UE4Editor-WindowsMoviePlayer.dll (API version 3709383).
LogPluginManager: Mounting plugin Paper2D
LogPluginManager: Mounting plugin LightPropagationVolume
LogPluginManager: Mounting plugin CodeLiteSourceCodeAccess
LogPluginManager: Mounting plugin GitSourceControl
LogPluginManager: Mounting plugin KDevelopSourceCodeAccess
LogPluginManager: Mounting plugin NullSourceCodeAccess
LogPluginManager: Mounting plugin PerforceSourceControl
LogPluginManager: Mounting plugin SubversionSourceControl
LogPluginManager: Mounting plugin UObjectPlugin
LogPluginManager: Mounting plugin VisualStudioCodeSourceCodeAccess
LogPluginManager: Mounting plugin VisualStudioSourceCodeAccess
LogPluginManager: Mounting plugin XCodeSourceCodeAccess
LogPluginManager: Mounting plugin AssetManagerEditor
LogPluginManager: Mounting plugin AudioCapture
LogPluginManager: Mounting plugin FacialAnimation
LogPluginManager: Mounting plugin GameplayTagsEditor
LogPluginManager: Mounting plugin MobileLauncherProfileWizard
LogPluginManager: Mounting plugin PluginBrowser
LogPluginManager: Mounting plugin SpeedTreeImporter
LogPluginManager: Mounting plugin AlembicImporter
LogPluginManager: Mounting plugin CharacterAI
LogPluginManager: Mounting plugin HTML5Networking
LogPluginManager: Mounting plugin AndroidMedia
LogPluginManager: Mounting plugin AvfMedia
LogPluginManager: Mounting plugin ImgMedia
LogPluginManager: Mounting plugin MediaCompositing
LogPluginManager: Mounting plugin MediaPlayerEditor
LogPluginManager: Mounting plugin WmfMedia
LogPluginManager: Mounting plugin TcpMessaging
LogPluginManager: Mounting plugin UdpMessaging
LogPluginManager: Mounting plugin ActorSequence
LogPluginManager: Mounting plugin LevelSequenceEditor
LogPluginManager: Mounting plugin MatineeToLevelSequence
LogPluginManager: Mounting plugin OnlineSubsystemGooglePlay
LogPluginManager: Mounting plugin OnlineSubsystemIOS
LogPluginManager: Mounting plugin OnlineSubsystem
LogPluginManager: Mounting plugin OnlineSubsystemNull
LogPluginManager: Mounting plugin OnlineSubsystemUtils
LogPluginManager: Mounting plugin AndroidDeviceProfileSelector
LogPluginManager: Mounting plugin AndroidMoviePlayer
LogPluginManager: Mounting plugin AndroidPermission
LogPluginManager: Mounting plugin AppleARKit
LogPluginManager: Mounting plugin AppleMoviePlayer
LogPluginManager: Mounting plugin ArchVisCharacter
LogPluginManager: Mounting plugin CableComponent
LogPluginManager: Mounting plugin CustomMeshComponent
LogPluginManager: Mounting plugin ExampleDeviceProfileSelector
LogPluginManager: Mounting plugin GoogleCloudMessaging
LogPluginManager: Mounting plugin ImmediatePhysics
LogPluginManager: Mounting plugin IOSDeviceProfileSelector
LogPluginManager: Mounting plugin LinuxDeviceProfileSelector
LogPluginManager: Mounting plugin LocationServicesBPLibrary
LogPluginManager: Mounting plugin MobilePatchingUtils
LogPluginManager: Mounting plugin OculusVR
LogPluginManager: Plugin shader directory ../../../Engine/Plugins/Runtime/Oculus/OculusVR/Shaders found
LogPluginManager: Mapping shader source directory ../../../Engine/Plugins/Runtime/Oculus/OculusVR/Shaders to virtual directory /Plugin/OculusVR
LogPluginManager: Mounting plugin PhysXVehicles
LogPluginManager: Mounting plugin ProceduralMeshComponent
LogPluginManager: Mounting plugin RuntimePhysXCooking
LogPluginManager: Mounting plugin SteamVR
LogPluginManager: Mounting plugin WindowsMoviePlayer
LogInit: Using libcurl 7.47.1
LogInit:  - built for x86_64-pc-win32
LogInit:  - supports SSL with OpenSSL/1.0.2g
LogInit:  - supports HTTP deflate (compression) using libz 1.2.8
LogInit:  - other features:
LogInit:      CURL_VERSION_SSL
LogInit:      CURL_VERSION_LIBZ
LogInit:      CURL_VERSION_IPV6
LogInit:      CURL_VERSION_ASYNCHDNS
LogInit:      CURL_VERSION_LARGEFILE
LogInit:      CURL_VERSION_IDN
LogInit:  CurlRequestOptions (configurable via config and command line):
LogInit:  - bVerifyPeer = false  - Libcurl will NOT verify peer certificate
LogInit:  - bUseHttpProxy = false  - Libcurl will NOT use HTTP proxy
LogInit:  - bDontReuseConnections = false  - Libcurl will reuse connections
LogInit:  - CertBundlePath = nullptr  - Libcurl will use whatever was configured at build time.
LogInit: Build: ++UE4+Release-4.18-CL-3832480
LogInit: Engine Version: 4.18.3-3832480+++UE4+Release-4.18
LogInit: Compatible Engine Version: 4.18.0-3709383+++UE4+Release-4.18
LogInit: Net CL: 3709383
LogDevObjectVersion: Number of dev versions registered: 16
LogDevObjectVersion:   Dev-Blueprints (B0D832E4-1F89-4F0D-ACCF-7EB736FD4AA2): 10
LogDevObjectVersion:   Dev-Build (E1C64328-A22C-4D53-A36C-8E866417BD8C): 0
LogDevObjectVersion:   Dev-Core (375EC13C-06E4-48FB-B500-84F0262A717E): 2
LogDevObjectVersion:   Dev-Editor (E4B068ED-F494-42E9-A231-DA0B2E46BB41): 20
LogDevObjectVersion:   Dev-Framework (CFFC743F-43B0-4480-9391-14DF171D2073): 30
LogDevObjectVersion:   Dev-Mobile (B02B49B5-BB20-44E9-A304-32B752E40360): 0
LogDevObjectVersion:   Dev-Networking (A4E4105C-59A1-49B5-A7C5-40C4547EDFEE): 0
LogDevObjectVersion:   Dev-Online (39C831C9-5AE6-47DC-9A44-9C173E1C8E7C): 0
LogDevObjectVersion:   Dev-Physics (78F01B33-EBEA-4F98-B9B4-84EACCB95AA2): 0
LogDevObjectVersion:   Dev-Platform (6631380F-2D4D-43E0-8009-CF276956A95A): 0
LogDevObjectVersion:   Dev-Rendering (12F88B9F-8875-4AFC-A67C-D90C383ABD29): 20
LogDevObjectVersion:   Dev-Sequencer (7B5AE74C-D270-4C10-A958-57980B212A5A): 4
LogDevObjectVersion:   Dev-VR (D7296918-1DD6-4BDD-9DE2-64A83CC13884): 0
LogDevObjectVersion:   Dev-LoadTimes (C2A15278-BFE7-4AFE-6C17-90FF531DF755): 1
LogDevObjectVersion:   Private-Geometry (6EACA3D4-40EC-4CC1-B786-8BED09428FC5): 1
LogDevObjectVersion:   Dev-AnimPhys (29E575DD-E0A3-4627-9D10-D276232CDCEA): 12
LogInit: Compiled (64-bit): Jan 12 2018 02:04:55
LogInit: Compiled with Visual C++: 19.00.24215.01
LogInit: Build Configuration: Development
LogInit: Branch Name: ++UE4+Release-4.18
LogInit: Command line:  
LogInit: Base directory: D:/Games/Epic/UE_4.18/Engine/Binaries/Win64/
LogInit: Installed Engine Build: 1
LogInit: Presizing for max 8388607 objects, including 0 objects not considered by GC, pre-allocating 0 bytes for permanent pool.
LogInit: Object subsystem initialized
[2018.02.09-08.48.56:308][  0]LogInit: Selected Device Profile: [Windows]
[2018.02.09-08.48.56:308][  0]LogInit: Applying CVar settings loaded from the selected device profile: [Windows]
[2018.02.09-08.48.56:360][  0]LogInit: Computer: DESKTOP-FBJ2FVU
[2018.02.09-08.48.56:360][  0]LogInit: User: Kieran
[2018.02.09-08.48.56:360][  0]LogInit: CPU Page size=4096, Cores=8
[2018.02.09-08.48.56:360][  0]LogInit: High frequency timer resolution =14.318180 MHz
[2018.02.09-08.48.56:361][  0]LogMemory: Memory total: Physical=15.9GB (16GB approx)
[2018.02.09-08.48.56:361][  0]LogMemory: Platform Memory Stats for Windows
[2018.02.09-08.48.56:361][  0]LogMemory: Process Physical Memory: 273.68 MB used, 273.68 MB peak
[2018.02.09-08.48.56:361][  0]LogMemory: Process Virtual Memory: 266.84 MB used, 266.84 MB peak
[2018.02.09-08.48.56:361][  0]LogMemory: Physical Memory: 5309.94 MB used,  11006.91 MB free, 16316.86 MB total
[2018.02.09-08.48.56:361][  0]LogMemory: Virtual Memory: 650.44 MB used,  11006.91 MB free, 134217728.00 MB total
[2018.02.09-08.48.56:465][  0]LogInit: Using OS detected language (en-GB).
[2018.02.09-08.48.56:465][  0]LogInit: Using OS detected locale (en-GB).
[2018.02.09-08.48.56:467][  0]LogTextLocalizationManager: No specific localization for 'en-GB' exists, so the 'en' localization will be used.
[2018.02.09-08.48.56:876][  0]LogInit: Setting process to per monitor DPI aware
[2018.02.09-08.48.57:316][  0]LogD3D11RHI: D3D11 adapters:
[2018.02.09-08.48.57:336][  0]LogD3D11RHI:    0. 'AMD Radeon (TM) R9 390 Series' (Feature Level 11_0)
[2018.02.09-08.48.57:336][  0]LogD3D11RHI:       8168/0/8158 MB DedicatedVideo/DedicatedSystem/SharedSystem, Outputs:3, VendorId:0x1002
[2018.02.09-08.48.57:337][  0]LogD3D11RHI:    1. 'Microsoft Basic Render Driver' (Feature Level 11_0)
[2018.02.09-08.48.57:337][  0]LogD3D11RHI:       0/0/8158 MB DedicatedVideo/DedicatedSystem/SharedSystem, Outputs:0, VendorId:0x1414
[2018.02.09-08.48.57:337][  0]LogD3D11RHI: Chosen D3D11 Adapter: 0
[2018.02.09-08.48.57:343][  0]LogD3D11RHI: Creating new Direct3DDevice
[2018.02.09-08.48.57:343][  0]LogD3D11RHI:     GPU DeviceId: 0x67b1 (for the marketing name, search the web for "GPU Device Id")
[2018.02.09-08.48.57:343][  0]LogWindows: EnumDisplayDevices:
[2018.02.09-08.48.57:344][  0]LogWindows:    0. 'AMD Radeon (TM) R9 390 Series' (P:0 D:1)
[2018.02.09-08.48.57:344][  0]LogWindows:    1. 'AMD Radeon (TM) R9 390 Series' (P:0 D:1)
[2018.02.09-08.48.57:344][  0]LogWindows:    2. 'AMD Radeon (TM) R9 390 Series' (P:1 D:1)
[2018.02.09-08.48.57:344][  0]LogWindows:    3. 'AMD Radeon (TM) R9 390 Series' (P:0 D:0)
[2018.02.09-08.48.57:344][  0]LogWindows:    4. 'AMD Radeon (TM) R9 390 Series' (P:0 D:0)
[2018.02.09-08.48.57:344][  0]LogWindows:    5. 'AMD Radeon (TM) R9 390 Series' (P:0 D:0)
[2018.02.09-08.48.57:345][  0]LogWindows:    6. 'AMD Radeon (TM) R9 390 Series' (P:0 D:0)
[2018.02.09-08.48.57:345][  0]LogWindows:    7. 'AMD Radeon (TM) R9 390 Series' (P:0 D:0)
[2018.02.09-08.48.57:345][  0]LogWindows:    8. 'AMD Radeon (TM) R9 390 Series' (P:0 D:0)
[2018.02.09-08.48.57:346][  0]LogWindows:    9. 'AMD Radeon (TM) R9 390 Series' (P:0 D:0)
[2018.02.09-08.48.57:346][  0]LogWindows:    10. 'AMD Radeon (TM) R9 390 Series' (P:0 D:0)
[2018.02.09-08.48.57:346][  0]LogWindows:    11. 'AMD Radeon (TM) R9 390 Series' (P:0 D:0)
[2018.02.09-08.48.57:346][  0]LogWindows:    12. 'AMD Radeon (TM) R9 390 Series' (P:0 D:0)
[2018.02.09-08.48.57:346][  0]LogWindows:    13. 'AMD Radeon (TM) R9 390 Series' (P:0 D:0)
[2018.02.09-08.48.57:346][  0]LogWindows:    14. 'AMD Radeon (TM) R9 390 Series' (P:0 D:0)
[2018.02.09-08.48.57:347][  0]LogWindows:    15. 'AMD Radeon (TM) R9 390 Series' (P:0 D:0)
[2018.02.09-08.48.57:347][  0]LogWindows: DebugString: FoundDriverCount:16 
[2018.02.09-08.48.57:347][  0]LogD3D11RHI:     Adapter Name: AMD Radeon (TM) R9 390 Series
[2018.02.09-08.48.57:347][  0]LogD3D11RHI:   Driver Version: Adrenalin 17.12.1 (internal:23.20.15002.11, unified:23.20.15002.11)
[2018.02.09-08.48.57:347][  0]LogD3D11RHI:      Driver Date: 12-6-2017
[2018.02.09-08.48.57:347][  0]LogRHI: Texture pool is 5717 MB (70% of 8168 MB)
[2018.02.09-08.48.57:393][  0]LogD3D11RHI: Async texture creation enabled
[2018.02.09-08.48.57:405][  0]LogD3D11RHI: GPU Timing Frequency: 27.000000 (Debug: 2 1)
[2018.02.09-08.48.57:405][  0]LogShaderCompilers: Guid format shader working directory is 9 characters bigger than the processId version (E:/Git/GameDevelopment/Echoes_Of_Time/Intermediate/Shaders/WorkingDirectory/15860/).
[2018.02.09-08.48.57:405][  0]LogShaderCompilers: Cleaned the shader compiler working directory 'C:/Users/Kieran/AppData/Local/Temp/UnrealShaderWorkingDir/0D4AA28145F29F6A52D2BAA5FB2D6DD4/'.
[2018.02.09-08.48.57:405][  0]LogShaderCompilers: Display: Using Local Shader Compiler.
[2018.02.09-08.48.58:449][  0]LogTemp: Display: Loaded TP AllDesktopTargetPlatform
[2018.02.09-08.48.58:491][  0]LogTemp: Display: Loaded TP MacClientTargetPlatform
[2018.02.09-08.48.58:532][  0]LogTemp: Display: Loaded TP MacNoEditorTargetPlatform
[2018.02.09-08.48.58:574][  0]LogTemp: Display: Loaded TP MacServerTargetPlatform
[2018.02.09-08.48.58:616][  0]LogTemp: Display: Loaded TP MacTargetPlatform
[2018.02.09-08.48.58:660][  0]LogTemp: Display: Loaded TP WindowsClientTargetPlatform
[2018.02.09-08.48.58:703][  0]LogTemp: Display: Loaded TP WindowsNoEditorTargetPlatform
[2018.02.09-08.48.58:745][  0]LogTemp: Display: Loaded TP WindowsServerTargetPlatform
[2018.02.09-08.48.58:779][  0]LogTemp: Display: Loaded TP WindowsTargetPlatform
[2018.02.09-08.48.58:820][  0]LogTemp: Display: Loaded TP Android_ASTCTargetPlatform
[2018.02.09-08.48.58:861][  0]LogTemp: Display: Loaded TP Android_ATCTargetPlatform
[2018.02.09-08.48.58:905][  0]LogTemp: Display: Loaded TP Android_DXTTargetPlatform
[2018.02.09-08.48.58:946][  0]LogTemp: Display: Loaded TP Android_ETC1TargetPlatform
[2018.02.09-08.48.59:011][  0]LogTemp: Display: Loaded TP Android_ETC2TargetPlatform
[2018.02.09-08.48.59:097][  0]LogTemp: Display: Loaded TP Android_MultiTargetPlatform
[2018.02.09-08.48.59:097][  0]LogTemp: Display: Loaded TP Android_PVRTCTargetPlatform
[2018.02.09-08.48.59:142][  0]LogTemp: Display: Loaded TP AndroidTargetPlatform
[2018.02.09-08.48.59:169][  0]LogTemp: Display: Loaded TP HTML5TargetPlatform
[2018.02.09-08.48.59:245][  0]LogTemp: Display: Loaded TP IOSTargetPlatform
[2018.02.09-08.48.59:270][  0]LogTemp: Display: Loaded TP TVOSTargetPlatform
[2018.02.09-08.48.59:311][  0]LogTemp: Display: Loaded TP LinuxClientTargetPlatform
[2018.02.09-08.48.59:353][  0]LogTemp: Display: Loaded TP LinuxNoEditorTargetPlatform
[2018.02.09-08.48.59:395][  0]LogTemp: Display: Loaded TP LinuxServerTargetPlatform
[2018.02.09-08.48.59:439][  0]LogTemp: Display: Loaded TP LinuxTargetPlatform
[2018.02.09-08.48.59:439][  0]LogTargetPlatformManager: Display: Building Assets For Windows
[2018.02.09-08.48.59:796][  0]LogDerivedDataCache: Display: Max Cache Size: 512 MB
[2018.02.09-08.48.59:915][  0]LogDerivedDataCache: Loaded boot cache 0.12s 78MB C:/Users/Kieran/AppData/Local/UnrealEngine/4.18/DerivedDataCache/Boot.ddc.
[2018.02.09-08.48.59:915][  0]LogDerivedDataCache: Display: Loaded Boot cache: C:/Users/Kieran/AppData/Local/UnrealEngine/4.18/DerivedDataCache/Boot.ddc
[2018.02.09-08.48.59:915][  0]LogDerivedDataCache: FDerivedDataBackendGraph:  Pak pak cache file E:/Git/GameDevelopment/Echoes_Of_Time/DerivedDataCache/DDC.ddp not found, will not use a pak cache.
[2018.02.09-08.48.59:915][  0]LogDerivedDataCache: Unable to find inner node Pak for hierarchical cache Hierarchy.
[2018.02.09-08.48.59:915][  0]LogDerivedDataCache: FDerivedDataBackendGraph:  CompressedPak pak cache file E:/Git/GameDevelopment/Echoes_Of_Time/DerivedDataCache/Compressed.ddp not found, will not use a pak cache.
[2018.02.09-08.48.59:915][  0]LogDerivedDataCache: Unable to find inner node CompressedPak for hierarchical cache Hierarchy.
[2018.02.09-08.48.59:934][  0]LogDerivedDataCache: Display: Pak cache opened for reading ../../../Engine/DerivedDataCache/Compressed.ddp.
[2018.02.09-08.48.59:946][  0]LogDerivedDataCache: Using Local data cache path C:/Users/Kieran/AppData/Local/UnrealEngine/Common/DerivedDataCache: Writable
[2018.02.09-08.48.59:957][  0]LogMaterial: Verifying Global Shaders for PCD3D_SM5
[2018.02.09-08.48.59:957][  0]LogSlate: Using Freetype 2.6.0
[2018.02.09-08.48.59:958][  0]LogSlate: SlateFontCache - WITH_FREETYPE: 1, WITH_HARFBUZZ: 1
[2018.02.09-08.48.59:958][  0]LogSlate: SlateFontCache - WITH_FREETYPE: 1, WITH_HARFBUZZ: 1
[2018.02.09-08.49.00:323][  0]LogInit: Selected Device Profile: [Windows]
[2018.02.09-08.49.00:610][  0]LogSimplygon: Simplygon DLL not present - disabling.
[2018.02.09-08.49.00:640][  0]LogMeshReduction: Using SimplygonSwarm for distributed automatic mesh merging
[2018.02.09-08.49.00:640][  0]LogMeshReduction: Using QuadricMeshReduction for automatic static mesh reduction
[2018.02.09-08.49.00:640][  0]LogMeshReduction: No automatic skeletal mesh reduction module available
[2018.02.09-08.49.00:640][  0]LogMeshReduction: No automatic mesh merging module available
[2018.02.09-08.49.00:640][  0]LogMeshMerging: No automatic mesh merging module available
[2018.02.09-08.49.00:760][  0]LogNetVersion: Echoes_Of_Time , NetCL: 3709383, EngineNetVer: 2, GameNetVer: 0 (Checksum: 3905227492)
[2018.02.09-08.49.00:929][  0]LogAssetRegistry: FAssetRegistry took 0.0262 seconds to start up
[2018.02.09-08.49.02:009][  0]LogPackageLocalizationCache: Processed 7 localized package path(s) for 2 prioritized culture(s) in 0.599260 seconds
[2018.02.09-08.49.02:016][  0]LogUObjectArray: 35870 objects as part of root set at end of initial load.
[2018.02.09-08.49.02:016][  0]LogUObjectAllocator: 7363696 out of 0 bytes used by permanent object pool.
[2018.02.09-08.49.02:016][  0]LogUObjectArray: CloseDisregardForGC: 0/0 objects in disregard for GC pool
[2018.02.09-08.49.02:057][  0]LogInit: WinSock: version 1.1 (2.2), MaxSocks=32767, MaxUdp=65467
[2018.02.09-08.49.04:341][  0]LogTcpMessaging: Initializing TcpMessaging bridge
[2018.02.09-08.49.04:376][  0]LogUdpMessaging: Initializing bridge on interface 0.0.0.0:0 to multicast group 230.0.0.1:6666.
[2018.02.09-08.49.04:918][  0]LogMaterial: Uniform references updated for custom material expression Custom.
[2018.02.09-08.49.05:252][  0]SourceControl: Source control is disabled
[2018.02.09-08.49.05:252][  0]SourceControl: Source control is disabled
[2018.02.09-08.49.05:293][  0]SourceControl: Source control is disabled
[2018.02.09-08.49.05:333][  0]SourceControl: Source control is disabled
[2018.02.09-08.49.05:946][  0]LogAndroidPermission: UAndroidPermissionCallbackProxy::GetInstance
[2018.02.09-08.49.06:149][  0]LogOcInput: OculusInput pre-init called
[2018.02.09-08.49.06:379][  0]LogEngine: Initializing Engine...
[2018.02.09-08.49.06:382][  0]LogHMD: Failed to initialize OpenVR with code 110
[2018.02.09-08.49.06:614][  0]LogStats: UGameplayTagsManager::ConstructGameplayTagTree: Construct from data asset -  0.000 s
[2018.02.09-08.49.06:614][  0]LogStats: UGameplayTagsManager::ConstructGameplayTagTree: GameplayTagTreeChangedEvent.Broadcast -  0.000 s
[2018.02.09-08.49.06:709][  0]LogAIModule: Creating AISystem for world Untitled
[2018.02.09-08.49.06:716][  0]LogInit: XAudio2 using 'Speakers (High Definition Audio Device)' : 2 channels at 48 kHz using 16 bits per sample (channel mask 0x3)
[2018.02.09-08.49.06:727][  0]LogInit: FAudioDevice initialized.
[2018.02.09-08.49.06:788][  0]LogDerivedDataCache: Saved boot cache 0.06s 78MB C:/Users/Kieran/AppData/Local/UnrealEngine/4.18/DerivedDataCache/Boot.ddc.
[2018.02.09-08.49.06:808][  0]LogInit: Texture streaming: Enabled
[2018.02.09-08.49.06:882][  0]LogEngineSessionManager: EngineSessionManager initialized
[2018.02.09-08.49.07:051][  0]LogInit: Transaction tracking system initialized
[2018.02.09-08.49.07:275][  0]BlueprintLog: New page: Editor Load
[2018.02.09-08.49.07:932][  0]LocalizationService: Localization service is disabled
[2018.02.09-08.49.08:566][  0]LogConsoleResponse: Display: 
[2018.02.09-08.49.08:752][  0]LogCook: Display: Max memory allowance for cook 16384mb min free memory 0mb
[2018.02.09-08.49.08:752][  0]LogCook: Display: Mobile HDR setting 1
[2018.02.09-08.49.08:752][  0]LogGameplayTags: Display: UGameplayTagsManager::DoneAddingNativeTags. DelegateIsBound: 0
[2018.02.09-08.49.09:660][  0]LogFileCache: Scanning file cache for directory 'E:/Git/GameDevelopment/Echoes_Of_Time/Content/' took 0.01s
[2018.02.09-08.49.09:694][  0]SourceControl: Source control is disabled
[2018.02.09-08.49.09:694][  0]Cmd: MAP LOAD FILE="E:/Git/GameDevelopment/Echoes_Of_Time/Content/FirstPersonBP/Maps/FirstPersonExampleMap.umap" TEMPLATE=0 SHOWPROGRESS=1 FEATURELEVEL=3
[2018.02.09-08.49.09:694][  0]LightingResults: New page: Lighting Build
[2018.02.09-08.49.09:725][  0]MapCheck: New page: Map Check
[2018.02.09-08.49.09:725][  0]LightingResults: New page: Lighting Build
[2018.02.09-08.49.10:330][  0]LogTexture: Display: Building textures: Texture2D_2 (BGRA8, 256X256)
[2018.02.09-08.49.10:398][  0]LogTexture: Display: Building textures: HQ_Lightmap0_5 (AutoDXT, 64X64)
[2018.02.09-08.49.10:399][  0]LogTexture: Display: Building textures: LQ_Lightmap_0_5 (DXT1, 64X64)
[2018.02.09-08.49.10:399][  0]LogTexture: Display: Building textures: SkyOcclusion0_5 (AutoDXT, 64X32)
[2018.02.09-08.49.10:399][  0]LogTexture: Display: Building textures: ShadowMapTexture2D_0 (G8, 2048X1024)
[2018.02.09-08.49.10:399][  0]LogTexture: Display: Building textures: ShadowMapTexture2D_1 (G8, 2048X1024)
[2018.02.09-08.49.10:399][  0]LogMaterial: Missing cached shader map for material WorldGridMaterial, compiling. Is special engine material.
[2018.02.09-08.49.15:276][  0]LogTexture: Display: Building textures: SkyOcclusion0_1 (AutoDXT, 2048X1024)
[2018.02.09-08.49.15:276][  0]LogTexture: Display: Building textures: SkyOcclusion0_3 (AutoDXT, 2048X1024)
[2018.02.09-08.49.15:276][  0]LogTexture: Display: Building textures: SkyOcclusion0_2 (AutoDXT, 2048X1024)
[2018.02.09-08.49.15:276][  0]LogTexture: Display: Building textures: SkyOcclusion0_4 (AutoDXT, 2048X1024)
[2018.02.09-08.49.15:276][  0]LogTexture: Display: Building textures: LQ_Lightmap_0_1 (DXT1, 2048X2048)
[2018.02.09-08.49.15:276][  0]LogTexture: Display: Building textures: HQ_Lightmap0_4 (AutoDXT, 2048X2048)
[2018.02.09-08.49.15:276][  0]LogTexture: Display: Building textures: LQ_Lightmap_0_3 (DXT1, 2048X2048)
[2018.02.09-08.49.15:276][  0]LogTexture: Display: Building textures: LQ_Lightmap_0_4 (DXT1, 2048X2048)
[2018.02.09-08.49.15:276][  0]LogTexture: Display: Building textures: HQ_Lightmap0_2 (AutoDXT, 2048X2048)
[2018.02.09-08.49.15:276][  0]LogTexture: Display: Building textures: HQ_Lightmap0_1 (AutoDXT, 2048X2048)
[2018.02.09-08.49.15:276][  0]LogTexture: Display: Building textures: HQ_Lightmap0_3 (AutoDXT, 2048X2048)
[2018.02.09-08.49.15:276][  0]LogTexture: Display: Building textures: LQ_Lightmap_0_2 (DXT1, 2048X2048)
[2018.02.09-08.49.15:276][  0]LogTexture: Display: Building textures: ShadowMapTexture2D_3 (G8, 2048X1024)
[2018.02.09-08.49.15:276][  0]LogTexture: Display: Building textures: ShadowMapTexture2D_2 (G8, 2048X1024)
[2018.02.09-08.49.15:276][  0]LogTexture: Display: Building textures: ShadowMapTexture2D_4 (G8, 2048X1024)
[2018.02.09-08.49.15:276][  0]LogTexture: Display: Building textures: ShadowMapTexture2D_5 (G8, 2048X1024)
[2018.02.09-08.49.15:276][  0]LogTexture: Display: Building textures: ShadowMapTexture2D_6 (G8, 2048X1024)
[2018.02.09-08.49.15:276][  0]LogTexture: Display: Building textures: ShadowMapTexture2D_7 (G8, 64X32)
[2018.02.09-08.49.15:310][  0]LogStaticMesh: Building static mesh Cylinder_Brush4_StaticMesh...
[2018.02.09-08.49.15:318][  0]LogStaticMesh: Built static mesh [0.01s] /Game/Models/Cylinder_Brush4_StaticMesh.Cylinder_Brush4_StaticMesh
[2018.02.09-08.49.15:319][  0]LogStaticMesh: Building static mesh Panthenon_pCube10...
[2018.02.09-08.49.15:320][  0]LogStaticMesh: Built static mesh [0.00s] /Game/Models/Panthenon_pCube10.Panthenon_pCube10
[2018.02.09-08.49.15:321][  0]LogStaticMesh: Building static mesh Panthenon_pCube11...
[2018.02.09-08.49.15:321][  0]LogStaticMesh: Built static mesh [0.00s] /Game/Models/Panthenon_pCube11.Panthenon_pCube11
[2018.02.09-08.49.15:323][  0]LogStaticMesh: Building static mesh Panthenon_pCube12...
[2018.02.09-08.49.15:324][  0]LogStaticMesh: Built static mesh [0.00s] /Game/Models/Panthenon_pCube12.Panthenon_pCube12
[2018.02.09-08.49.15:325][  0]LogStaticMesh: Building static mesh Panthenon_pCube16...
[2018.02.09-08.49.15:327][  0]LogStaticMesh: Built static mesh [0.00s] /Game/Models/Panthenon_pCube16.Panthenon_pCube16
[2018.02.09-08.49.15:328][  0]LogStaticMesh: Building static mesh Panthenon_pCube17...
[2018.02.09-08.49.15:329][  0]LogStaticMesh: Built static mesh [0.00s] /Game/Models/Panthenon_pCube17.Panthenon_pCube17
[2018.02.09-08.49.15:330][  0]LogStaticMesh: Building static mesh Panthenon_pCube18...
[2018.02.09-08.49.15:331][  0]LogStaticMesh: Built static mesh [0.00s] /Game/Models/Panthenon_pCube18.Panthenon_pCube18
[2018.02.09-08.49.15:332][  0]LogStaticMesh: Building static mesh Panthenon_pCube19...
[2018.02.09-08.49.15:333][  0]LogStaticMesh: Built static mesh [0.00s] /Game/Models/Panthenon_pCube19.Panthenon_pCube19
[2018.02.09-08.49.15:334][  0]LogStaticMesh: Building static mesh Panthenon_pCube20...
[2018.02.09-08.49.15:335][  0]LogStaticMesh: Built static mesh [0.00s] /Game/Models/Panthenon_pCube20.Panthenon_pCube20
[2018.02.09-08.49.15:336][  0]LogStaticMesh: Building static mesh Panthenon_pCube21...
[2018.02.09-08.49.15:337][  0]LogStaticMesh: Built static mesh [0.00s] /Game/Models/Panthenon_pCube21.Panthenon_pCube21
[2018.02.09-08.49.15:338][  0]LogStaticMesh: Building static mesh Panthenon_pCube22...
[2018.02.09-08.49.15:339][  0]LogStaticMesh: Built static mesh [0.00s] /Game/Models/Panthenon_pCube22.Panthenon_pCube22
[2018.02.09-08.49.15:340][  0]LogStaticMesh: Building static mesh Panthenon_pCube23...
[2018.02.09-08.49.15:341][  0]LogStaticMesh: Built static mesh [0.00s] /Game/Models/Panthenon_pCube23.Panthenon_pCube23
[2018.02.09-08.49.15:342][  0]LogStaticMesh: Building static mesh Panthenon_pCube24...
[2018.02.09-08.49.15:343][  0]LogStaticMesh: Built static mesh [0.00s] /Game/Models/Panthenon_pCube24.Panthenon_pCube24
[2018.02.09-08.49.15:343][  0]LogStaticMesh: Building static mesh Panthenon_pCube25...
[2018.02.09-08.49.15:344][  0]LogStaticMesh: Built static mesh [0.00s] /Game/Models/Panthenon_pCube25.Panthenon_pCube25
[2018.02.09-08.49.15:345][  0]LogStaticMesh: Building static mesh Panthenon_pCube26...
[2018.02.09-08.49.15:346][  0]LogStaticMesh: Built static mesh [0.00s] /Game/Models/Panthenon_pCube26.Panthenon_pCube26
[2018.02.09-08.49.15:347][  0]LogStaticMesh: Building static mesh Panthenon_pCube27...
[2018.02.09-08.49.15:348][  0]LogStaticMesh: Built static mesh [0.00s] /Game/Models/Panthenon_pCube27.Panthenon_pCube27
[2018.02.09-08.49.15:349][  0]LogStaticMesh: Building static mesh Panthenon_pCube28...
[2018.02.09-08.49.15:349][  0]LogStaticMesh: Built static mesh [0.00s] /Game/Models/Panthenon_pCube28.Panthenon_pCube28
[2018.02.09-08.49.15:350][  0]LogStaticMesh: Building static mesh Panthenon_pCube29...
[2018.02.09-08.49.15:351][  0]LogStaticMesh: Built static mesh [0.00s] /Game/Models/Panthenon_pCube29.Panthenon_pCube29
[2018.02.09-08.49.15:352][  0]LogStaticMesh: Building static mesh Panthenon_pCube30...
[2018.02.09-08.49.15:353][  0]LogStaticMesh: Built static mesh [0.00s] /Game/Models/Panthenon_pCube30.Panthenon_pCube30
[2018.02.09-08.49.15:353][  0]LogStaticMesh: Building static mesh Panthenon_pCube31...
[2018.02.09-08.49.15:354][  0]LogStaticMesh: Built static mesh [0.00s] /Game/Models/Panthenon_pCube31.Panthenon_pCube31
[2018.02.09-08.49.15:355][  0]LogStaticMesh: Building static mesh Panthenon_pCube32...
[2018.02.09-08.49.15:356][  0]LogStaticMesh: Built static mesh [0.00s] /Game/Models/Panthenon_pCube32.Panthenon_pCube32
[2018.02.09-08.49.15:356][  0]LogStaticMesh: Building static mesh Panthenon_pCube33...
[2018.02.09-08.49.15:357][  0]LogStaticMesh: Built static mesh [0.00s] /Game/Models/Panthenon_pCube33.Panthenon_pCube33
[2018.02.09-08.49.15:358][  0]LogStaticMesh: Building static mesh Panthenon_pCube7...
[2018.02.09-08.49.15:365][  0]LogStaticMesh: Built static mesh [0.01s] /Game/Models/Panthenon_pCube7.Panthenon_pCube7
[2018.02.09-08.49.15:366][  0]LogStaticMesh: Building static mesh Panthenon_pCube8...
[2018.02.09-08.49.15:372][  0]LogStaticMesh: Built static mesh [0.01s] /Game/Models/Panthenon_pCube8.Panthenon_pCube8
[2018.02.09-08.49.15:373][  0]LogStaticMesh: Building static mesh Panthenon_pCube9...
[2018.02.09-08.49.15:374][  0]LogStaticMesh: Built static mesh [0.00s] /Game/Models/Panthenon_pCube9.Panthenon_pCube9
[2018.02.09-08.49.15:375][  0]LogStaticMesh: Building static mesh Panthenon_pCylinder41...
[2018.02.09-08.49.15:473][  0]LogStaticMesh: Built static mesh [0.10s] /Game/Models/Panthenon_pCylinder41.Panthenon_pCylinder41
[2018.02.09-08.49.15:482][  0]LogStaticMesh: Building static mesh Pillar...
[2018.02.09-08.49.15:485][  0]LogStaticMesh: Built static mesh [0.00s] /Game/Models/Pillar.Pillar
[2018.02.09-08.49.15:491][  0]LogMaterial: Missing cached shader map for material M_UE4Man_Body, compiling. 
[2018.02.09-08.49.15:611][  0]LogMaterial: Missing cached shader map for material BaseMaterial, compiling. 
[2018.02.09-08.49.15:786][  0]LogMaterial: Missing cached shader map for material M_FPGun, compiling. 
[2018.02.09-08.49.16:021][  0]LogMaterial: Missing cached shader map for material lambert1, compiling. 
[2018.02.09-08.49.16:062][  0]LogMaterial: Missing cached shader map for material M_Water_Ocean, compiling. 
[2018.02.09-08.49.16:180][  0]LogMaterial: Missing cached shader map for material M_Brick_Clay_Old, compiling. 
[2018.02.09-08.49.16:313][  0]LogAIModule: Creating AISystem for world FirstPersonExampleMap
[2018.02.09-08.49.16:403][  0]LogEditorServer: Finished looking for orphan Actors (0.000 secs)
[2018.02.09-08.49.16:437][  0]Cmd: MAP CHECKDEP NOCLEARLOG
[2018.02.09-08.49.16:528][  0]MapCheck: Map check complete: 0 Error(s), 0 Warning(s), took 90.797ms to complete.
[2018.02.09-08.49.16:528][  0]LogFileHelpers: Loading map 'FirstPersonExampleMap' took 6.834
[2018.02.09-08.49.17:332][  0]LogCollectionManager: Loaded 0 collections in 0.003193 seconds
[2018.02.09-08.49.17:584][  0]LogFileCache: Scanning file cache for directory 'E:/Git/GameDevelopment/Echoes_Of_Time/Saved/Collections/' took 0.01s
[2018.02.09-08.49.17:584][  0]LogFileCache: Scanning file cache for directory 'E:/Git/GameDevelopment/Echoes_Of_Time/Content/Developers/Kieran/Collections/' took 0.01s
[2018.02.09-08.49.17:584][  0]LogFileCache: Scanning file cache for directory 'E:/Git/GameDevelopment/Echoes_Of_Time/Content/Collections/' took 0.01s
[2018.02.09-08.49.17:584][  0]LogCollectionManager: Rebuilt the GUID cache for 0 collections in 0.000002 seconds
[2018.02.09-08.49.17:602][  0]LogContentBrowser: Native class hierarchy populated in 0.0178 seconds. Added 2363 classes and 519 folders.
[2018.02.09-08.49.17:713][  0]LogContentBrowser: Native class hierarchy updated for 'WidgetCarousel' in 0.0005 seconds. Added 0 classes and 0 folders.
[2018.02.09-08.49.17:778][  0]LogContentBrowser: Native class hierarchy updated for 'AddContentDialog' in 0.0005 seconds. Added 0 classes and 0 folders.
[2018.02.09-08.49.17:839][  0]LogContentBrowser: Native class hierarchy updated for 'SceneOutliner' in 0.0006 seconds. Added 1 classes and 2 folders.
[2018.02.09-08.49.17:877][  0]LogSlate: Took 0.000400 seconds to synchronously load lazily loaded font '../../../Engine/Content/Slate/Fonts/Roboto-Regular.ttf' (155K)
[2018.02.09-08.49.17:881][  0]LogSlate: Took 0.000553 seconds to synchronously load lazily loaded font '../../../Engine/Content/Slate/Fonts/Roboto-Bold.ttf' (160K)
[2018.02.09-08.49.17:891][  0]LogSlate: Took 0.000437 seconds to synchronously load lazily loaded font '../../../Engine/Content/Editor/Slate/Fonts/FontAwesome.ttf' (139K)
[2018.02.09-08.49.18:067][  0]LogRenderer: Reallocating scene render targets to support 1756x1040 Format 10 NumSamples 1 (Frame:1).
[2018.02.09-08.49.18:624][  0]LogContentBrowser: Native class hierarchy updated for 'HierarchicalLODOutliner' in 0.0006 seconds. Added 1 classes and 2 folders.
[2018.02.09-08.49.18:624][  0]LogLoad: (Engine Initialization) Total time: 25.35 seconds
[2018.02.09-08.49.18:624][  0]LogLoad: (Engine Initialization) Total Blueprint compile time: 0.00 seconds
[2018.02.09-08.49.18:625][  0]LogExternalProfiler: No external profilers were discovered.  External profiling features will not be available.
[2018.02.09-08.49.18:996][  0]LogContentStreaming: Texture pool size now 1000 MB
[2018.02.09-08.49.19:976][  3]LogAssetRegistry: Asset discovery search completed in 19.0693 seconds
[2018.02.09-08.49.19:980][  3]LogCollectionManager: Rebuilt the object cache for 0 collections in 0.000003 seconds (found 0 objects)
[2018.02.09-08.49.19:980][  3]LogCollectionManager: Fixed up redirectors for 0 collections in 0.000142 seconds (updated 0 objects)
[2018.02.09-08.49.30:978][695]LogRenderer: Reallocating scene render targets to support 1760x1040 Format 10 NumSamples 1 (Frame:510).
[2018.02.09-08.49.31:088][696]LogRenderer: Reallocating scene render targets to support 1780x1040 Format 10 NumSamples 1 (Frame:512).
[2018.02.09-08.49.31:170][697]LogRenderer: Reallocating scene render targets to support 1792x1040 Format 10 NumSamples 1 (Frame:514).
[2018.02.09-08.49.31:932][766]LogRenderer: Reallocating scene render targets to support 1796x1040 Format 10 NumSamples 1 (Frame:518).
[2018.02.09-08.49.32:397][768]LogRenderer: Reallocating scene render targets to support 1804x1040 Format 10 NumSamples 1 (Frame:521).
[2018.02.09-08.49.32:728][769]LogRenderer: Reallocating scene render targets to support 1808x1040 Format 10 NumSamples 1 (Frame:523).
[2018.02.09-08.49.35:883][ 51]LogRenderer: Reallocating scene render targets to support 1816x1040 Format 10 NumSamples 1 (Frame:802).
[2018.02.09-08.49.36:238][ 80]LogRenderer: Reallocating scene render targets to support 1828x1040 Format 10 NumSamples 1 (Frame:806).
[2018.02.09-08.49.36:304][ 81]LogRenderer: Reallocating scene render targets to support 1836x1040 Format 10 NumSamples 1 (Frame:808).
[2018.02.09-08.49.36:475][ 90]LogRenderer: Reallocating scene render targets to support 1840x1040 Format 10 NumSamples 1 (Frame:812).
[2018.02.09-08.49.46:514][116]MapCheck: New page: Map Check
[2018.02.09-08.49.46:661][116]Cmd: MAP REBUILD ALLVISIBLE
[2018.02.09-08.49.46:663][116]LogEditorServer: Rebuildmap Clear paths rebuilt
[2018.02.09-08.49.48:337][116]LogMaterial: Missing cached shader map for material FDebugViewModeMaterialProxy WorldGridMaterial, compiling. Is special engine material.
[2018.02.09-08.49.48:345][116]LogMaterial: Missing cached shader map for material FDebugViewModeMaterialProxy MaterialInstanceDynamic_2, compiling. 
[2018.02.09-08.49.48:351][116]LogMaterial: Missing cached shader map for material FDebugViewModeMaterialProxy M_Brick_Clay_Old, compiling. 
[2018.02.09-08.49.48:355][116]LogMaterial: Missing cached shader map for material FDebugViewModeMaterialProxy LandscapeGizmo_Mat, compiling. 
[2018.02.09-08.49.48:361][116]LogMaterial: Missing cached shader map for material FDebugViewModeMaterialProxy lambert1, compiling. 
[2018.02.09-08.49.48:367][116]LogMaterial: Missing cached shader map for material FDebugViewModeMaterialProxy DefaultTextMaterialOpaque, compiling. 
[2018.02.09-08.49.48:372][116]LogMaterial: Missing cached shader map for material FDebugViewModeMaterialProxy M_Water_Ocean, compiling. 
[2018.02.09-08.49.48:378][116]LogMaterial: Missing cached shader map for material FDebugViewModeMaterialProxy MatineeCam_mat, compiling. 
[2018.02.09-08.49.48:385][116]LogMaterial: Missing cached shader map for material FDebugViewModeMaterialProxy M_FPGun, compiling. 
[2018.02.09-08.49.48:396][116]LogMaterial: Missing cached shader map for material FDebugViewModeMaterialProxy M_UE4Man_Body, compiling. 
[2018.02.09-08.49.49:100][116]TextureStreamingBuild: Display: Compiling optional shaders took 0.771 seconds.
[2018.02.09-08.49.49:192][116]LogLevel: Display: Export Material TexCoord Scales took 0.092 seconds.
[2018.02.09-08.49.49:211][116]TextureStreamingBuild: Display: Build Texture Streaming took 0.018 seconds.
[2018.02.09-08.49.49:252][116]LightingResults: New page: Lighting Build - 9 Feb 2018 08:49:49
[2018.02.09-08.49.49:450][116]LogSwarmInterface: [OpenConnection] Registering TCP channel ...
[2018.02.09-08.49.49:573][116]LogSwarmInterface: [OpenConnection] Connecting to agent ...
[2018.02.09-08.49.49:588][116]LogSwarmInterface: [TryOpenConnection] Testing the Agent
[2018.02.09-08.49.50:621][116]LogSwarmInterface: [TryOpenConnection] Opening Connection to Agent
[2018.02.09-08.49.50:621][116]LogSwarmInterface: [TryOpenConnection] Local Process ID is 15860
[2018.02.09-08.49.52:887][116]LogStaticLightingSystem: Running Lightmass w/ ImmediateImport mode ENABLED
[2018.02.09-08.49.52:887][116]LogStaticLightingSystem: Running Lightmass w/ ImmediateProcess mode ENABLED
[2018.02.09-08.49.52:887][116]LogStaticLightingSystem: Running Lightmass w/ Sorting mode ENABLED
[2018.02.09-08.49.52:887][116]LogStaticLightingSystem: Running Lightmass w/ Mapping paddings ENABLED
[2018.02.09-08.49.52:887][116]LogStaticLightingSystem: Running Lightmass w/ Mapping debug paddings DISABLED
[2018.02.09-08.49.53:426][116]Cmd: MAP CHECK DONTDISPLAYDIALOG
[2018.02.09-08.49.53:426][116]MapCheck: New page: FirstPersonExampleMap - 9 Feb 2018 08:49:53
[2018.02.09-08.49.53:432][116]MapCheck: Error: WorldInfo_0 Maps need lighting rebuilt 
[2018.02.09-08.49.53:478][116]MapCheck: Map check complete: 1 Error(s), 0 Warning(s), took 52.111ms to complete.
[2018.02.09-08.49.53:501][116]LogEditorBuildUtils: Build time 0:06
[2018.02.09-08.49.53:730][116]LogMaterial: Missing cached shader map for material FLightmassMaterialRenderer MaterialInstanceDynamic_2, compiling. 
[2018.02.09-08.49.53:735][116]LogMaterial: Missing cached shader map for material FLightmassMaterialRenderer MaterialInstanceDynamic_2, compiling. 
[2018.02.09-08.49.53:845][117]LogMaterial: Missing cached shader map for material FLightmassMaterialRenderer LandscapeMaterialInstanceConstant_131, compiling. Is special engine material.
[2018.02.09-08.49.53:853][117]LogMaterial: Missing cached shader map for material FLightmassMaterialRenderer LandscapeMaterialInstanceConstant_131, compiling. Is special engine material.
[2018.02.09-08.49.54:259][124]LogMaterial: Missing cached shader map for material FLightmassMaterialRenderer lambert1, compiling. 
[2018.02.09-08.49.54:266][124]LogMaterial: Missing cached shader map for material FLightmassMaterialRenderer lambert1, compiling. 
[2018.02.09-08.49.54:304][125]LogMaterial: Missing cached shader map for material FLightmassMaterialRenderer M_Water_Ocean, compiling. 
[2018.02.09-08.49.54:310][125]LogMaterial: Missing cached shader map for material FLightmassMaterialRenderer M_Water_Ocean, compiling. 
[2018.02.09-08.49.54:351][126]LogMaterial: Missing cached shader map for material FLightmassMaterialRenderer WorldGridMaterial, compiling. Is special engine material.
[2018.02.09-08.49.54:359][126]LogMaterial: Missing cached shader map for material FLightmassMaterialRenderer WorldGridMaterial, compiling. Is special engine material.
[2018.02.09-08.49.54:400][127]LogMaterial: Missing cached shader map for material FLightmassMaterialRenderer M_Brick_Clay_Old, compiling. 
[2018.02.09-08.49.54:415][127]LogMaterial: Missing cached shader map for material FLightmassMaterialRenderer M_Brick_Clay_Old, compiling. 
[2018.02.09-08.50.01:663][184]LightingResults: Warning: Cylinder_Brush4_StaticMesh Object has wrapping UVs.
[2018.02.09-08.50.05:998][197]Job is a success!
[2018.02.09-08.50.06:592][198]LogSlate: Took 0.000158 seconds to synchronously load lazily loaded font '../../../Engine/Content/Slate/Fonts/Roboto-Light.ttf' (159K)
[2018.02.09-08.50.06:797][198]LogVolumetricLightmapImport: Imported Volumetric Lightmap in 0.136s
[2018.02.09-08.50.06:797][198]LogVolumetricLightmapImport:      Indirection Texture 64x64x64 = 1.0Mb
[2018.02.09-08.50.06:797][198]LogVolumetricLightmapImport:      BrickData 1280x25x5 = 5.0Mb
[2018.02.09-08.50.06:797][198]LogVolumetricLightmapImport:      Bricks at Level
[2018.02.09-08.50.06:797][198]LogVolumetricLightmapImport:          0: 5.0% covering 100.0% of volume
[2018.02.09-08.50.06:797][198]LogVolumetricLightmapImport:          1: 6.3% covering 2.0% of volume
[2018.02.09-08.50.06:797][198]LogVolumetricLightmapImport:          2: 88.6% covering 0.4% of volume
[2018.02.09-08.50.06:960][198]LogMaterial: Warning: Material /Game/Models/lambert1.lambert1 needed to have new flag set bUsedWithStaticLighting !
[2018.02.09-08.50.06:962][198]LogMaterial: Missing cached shader map for material lambert1, compiling. 
[2018.02.09-08.50.07:436][198]LogTexture: Display: Building textures: SkyOcclusion1_1 (AutoDXT, 1024X512)
[2018.02.09-08.50.07:436][198]LogTexture: Display: Building textures: HQ_Lightmap1_1 (AutoDXT, 1024X1024)
[2018.02.09-08.50.07:436][198]LogTexture: Display: Building textures: LQ_Lightmap_1_1 (DXT1, 1024X1024)
[2018.02.09-08.50.07:436][198]LogTexture: Display: Building textures: SkyOcclusion1_2 (AutoDXT, 1024X512)
[2018.02.09-08.50.07:436][198]LogTexture: Display: Building textures: HQ_Lightmap1_2 (AutoDXT, 1024X1024)
[2018.02.09-08.50.07:436][198]LogTexture: Display: Building textures: LQ_Lightmap_1_2 (DXT1, 1024X1024)
[2018.02.09-08.50.07:436][198]LogTexture: Display: Building textures: SkyOcclusion1_3 (AutoDXT, 256X128)
[2018.02.09-08.50.07:436][198]LogTexture: Display: Building textures: HQ_Lightmap1_3 (AutoDXT, 256X256)
[2018.02.09-08.50.07:436][198]LogTexture: Display: Building textures: LQ_Lightmap_1_3 (DXT1, 256X256)
[2018.02.09-08.50.07:436][198]LogTexture: Display: Building textures: SkyOcclusion1_4 (AutoDXT, 256X128)
[2018.02.09-08.50.07:436][198]LogTexture: Display: Building textures: HQ_Lightmap1_4 (AutoDXT, 256X256)
[2018.02.09-08.50.07:436][198]LogTexture: Display: Building textures: LQ_Lightmap_1_4 (DXT1, 256X256)
[2018.02.09-08.50.07:436][198]LogTexture: Display: Building textures: SkyOcclusion1_5 (AutoDXT, 256X128)
[2018.02.09-08.50.07:436][198]LogTexture: Display: Building textures: HQ_Lightmap1_5 (AutoDXT, 256X256)
[2018.02.09-08.50.07:437][198]LogTexture: Display: Building textures: LQ_Lightmap_1_5 (DXT1, 256X256)
[2018.02.09-08.50.07:437][198]LogTexture: Display: Building textures: SkyOcclusion0_6 (AutoDXT, 128X64)
[2018.02.09-08.50.07:437][198]LogTexture: Display: Building textures: HQ_Lightmap0_6 (AutoDXT, 128X128)
[2018.02.09-08.50.07:437][198]LogTexture: Display: Building textures: LQ_Lightmap_0_6 (DXT1, 128X128)
[2018.02.09-08.50.07:437][198]LogTexture: Display: Building textures: SkyOcclusion0_7 (AutoDXT, 128X64)
[2018.02.09-08.50.07:437][198]LogTexture: Display: Building textures: HQ_Lightmap0_7 (AutoDXT, 128X128)
[2018.02.09-08.50.07:437][198]LogTexture: Display: Building textures: LQ_Lightmap_0_7 (DXT1, 128X128)
[2018.02.09-08.50.07:437][198]LogTexture: Display: Building textures: SkyOcclusion0_8 (AutoDXT, 64X32)
[2018.02.09-08.50.07:437][198]LogTexture: Display: Building textures: HQ_Lightmap0_8 (AutoDXT, 64X64)
[2018.02.09-08.50.07:437][198]LogTexture: Display: Building textures: LQ_Lightmap_0_8 (DXT1, 64X64)
[2018.02.09-08.50.07:437][198]LogTexture: Display: Building textures: SkyOcclusion0_9 (AutoDXT, 64X32)
[2018.02.09-08.50.07:437][198]LogTexture: Display: Building textures: HQ_Lightmap0_9 (AutoDXT, 64X64)
[2018.02.09-08.50.07:437][198]LogTexture: Display: Building textures: LQ_Lightmap_0_9 (DXT1, 64X64)
[2018.02.09-08.50.07:591][198]LogTexture: Display: Building textures: ShadowMapTexture2D_13 (G8, 64X64)
[2018.02.09-08.50.07:592][198]LogTexture: Display: Building textures: ShadowMapTexture2D_15 (G8, 32X32)
[2018.02.09-08.50.07:592][198]LogTexture: Display: Building textures: ShadowMapTexture2D_16 (G8, 32X32)
[2018.02.09-08.50.07:592][198]LogTexture: Display: Building textures: ShadowMapTexture2D_14 (G8, 64X64)
[2018.02.09-08.50.07:592][198]LogTexture: Display: Building textures: ShadowMapTexture2D_11 (G8, 256X64)
[2018.02.09-08.50.07:592][198]LogTexture: Display: Building textures: ShadowMapTexture2D_10 (G8, 256X64)
[2018.02.09-08.50.07:592][198]LogTexture: Display: Building textures: ShadowMapTexture2D_12 (G8, 256X64)
[2018.02.09-08.50.07:592][198]LogTexture: Display: Building textures: ShadowMapTexture2D_9 (G8, 1024X256)
[2018.02.09-08.50.07:592][198]LogTexture: Display: Building textures: ShadowMapTexture2D_8 (G8, 512X1024)
[2018.02.09-08.50.07:653][198]Lightmass on DESKTOP-FBJ2FVU: 10.2 sec total, 222 ms importing, 85 ms setup, 2.13 sec photons, 7.73 sec processing, 0 ms extra exporting [522/522 mappings]. Threads: 1:55 min total, 25.0 sec processing.
[2018.02.09-08.50.07:744][198]LogStaticLightingSystem: Illumination: 17.9 sec (389 ms encoding lightmaps, 152 ms encoding shadowmaps)
[2018.02.09-08.50.07:744][198]LogStaticLightingSystem: Lightmap texture memory:  5.9 MB (3.3 MB streaming, 2.7 MB non-streaming), 18 textures
[2018.02.09-08.50.07:744][198]LogStaticLightingSystem: Shadowmap texture memory: 1.1 MB (0.4 MB streaming, 0.7 MB non-streaming), 9 textures
[2018.02.09-08.50.07:876][198]DumpUnbuiltLightIteractions
[2018.02.09-08.50.07:876][198]Lights with unbuilt interactions: 0
[2018.02.09-08.50.07:876][198]
[2018.02.09-08.50.07:876][198]Primitives with unbuilt interactions: 0
[2018.02.09-08.50.07:887][199]Cmd: MAP CHECK NOTIFYRESULTS
[2018.02.09-08.50.07:888][199]MapCheck: New page: FirstPersonExampleMap - 9 Feb 2018 08:50:07
[2018.02.09-08.50.07:946][199]MapCheck: Map check complete: 0 Error(s), 0 Warning(s), took 58.927ms to complete.
[2018.02.09-08.50.13:303][753]LogTemp: Repeating last play command: Selected Viewport
[2018.02.09-08.50.13:540][753]LogBlueprintUserMessages: Early PlayInEditor Detection: Level '/Game/FirstPersonBP/Maps/FirstPersonExampleMap.FirstPersonExampleMap:PersistentLevel' has LevelScriptBlueprint '/Game/FirstPersonBP/Maps/FirstPersonExampleMap.FirstPersonExampleMap:PersistentLevel.FirstPersonExampleMap' with GeneratedClass '/Game/FirstPersonBP/Maps/FirstPersonExampleMap.FirstPersonExampleMap_C' with ClassGeneratedBy '/Game/FirstPersonBP/Maps/FirstPersonExampleMap.FirstPersonExampleMap:PersistentLevel.FirstPersonExampleMap'
[2018.02.09-08.50.13:540][753]LogPlayLevel: PlayLevel: No blueprints needed recompiling
[2018.02.09-08.50.13:541][753]PIE: New page: PIE session: FirstPersonExampleMap (9 Feb 2018 08:50:13)
[2018.02.09-08.50.13:541][753]LogPlayLevel: Creating play world package: /Game/FirstPersonBP/Maps/UEDPIE_0_FirstPersonExampleMap
[2018.02.09-08.50.13:599][753]LogPlayLevel: PIE: StaticDuplicateObject took: (0.058236s)
[2018.02.09-08.50.13:599][753]LogAIModule: Creating AISystem for world FirstPersonExampleMap
[2018.02.09-08.50.13:600][753]LogPlayLevel: PIE: World Init took: (0.000837s)
[2018.02.09-08.50.13:600][753]LogPlayLevel: PIE: Created PIE world by copying editor world from /Game/FirstPersonBP/Maps/FirstPersonExampleMap.FirstPersonExampleMap to /Game/FirstPersonBP/Maps/UEDPIE_0_FirstPersonExampleMap.FirstPersonExampleMap (0.059406s)
[2018.02.09-08.50.13:630][753]LogInit: XAudio2 using 'Speakers (High Definition Audio Device)' : 2 channels at 48 kHz using 16 bits per sample (channel mask 0x3)
[2018.02.09-08.50.13:637][753]LogInit: FAudioDevice initialized.
[2018.02.09-08.50.13:682][753]LogLoad: Game class is 'FirstPersonGameMode_C'
[2018.02.09-08.50.13:687][753]LogWorld: Bringing World /Game/FirstPersonBP/Maps/UEDPIE_0_FirstPersonExampleMap.FirstPersonExampleMap up for play (max tick rate 0) at 2018.02.09-08.50.13
[2018.02.09-08.50.13:689][753]LogWorld: Bringing up level for play took: 0.005365
[2018.02.09-08.50.13:722][753]LogContentBrowser: Native class hierarchy updated for 'MovieSceneCapture' in 0.0003 seconds. Added 11 classes and 0 folders.
[2018.02.09-08.50.13:723][753]PIE: Play in editor start time for /Game/FirstPersonBP/Maps/UEDPIE_0_FirstPersonExampleMap 0.936
[2018.02.09-08.50.13:723][753]LogBlueprintUserMessages: Late PlayInEditor Detection: Level '/Game/FirstPersonBP/Maps/FirstPersonExampleMap.FirstPersonExampleMap:PersistentLevel' has LevelScriptBlueprint '/Game/FirstPersonBP/Maps/FirstPersonExampleMap.FirstPersonExampleMap:PersistentLevel.FirstPersonExampleMap' with GeneratedClass '/Game/FirstPersonBP/Maps/FirstPersonExampleMap.FirstPersonExampleMap_C' with ClassGeneratedBy '/Game/FirstPersonBP/Maps/FirstPersonExampleMap.FirstPersonExampleMap:PersistentLevel.FirstPersonExampleMap'
[2018.02.09-08.51.08:086][222]LogBlueprintUserMessages: Early EndPlayMap Detection: Level '/Game/FirstPersonBP/Maps/FirstPersonExampleMap.FirstPersonExampleMap:PersistentLevel' has LevelScriptBlueprint '/Game/FirstPersonBP/Maps/FirstPersonExampleMap.FirstPersonExampleMap:PersistentLevel.FirstPersonExampleMap' with GeneratedClass '/Game/FirstPersonBP/Maps/FirstPersonExampleMap.FirstPersonExampleMap_C' with ClassGeneratedBy '/Game/FirstPersonBP/Maps/FirstPersonExampleMap.FirstPersonExampleMap:PersistentLevel.FirstPersonExampleMap'
[2018.02.09-08.51.08:125][222]LogBlueprintUserMessages: Late EndPlayMap Detection: Level '/Game/FirstPersonBP/Maps/FirstPersonExampleMap.FirstPersonExampleMap:PersistentLevel' has LevelScriptBlueprint '/Game/FirstPersonBP/Maps/FirstPersonExampleMap.FirstPersonExampleMap:PersistentLevel.FirstPersonExampleMap' with GeneratedClass '/Game/FirstPersonBP/Maps/FirstPersonExampleMap.FirstPersonExampleMap_C' with ClassGeneratedBy '/Game/FirstPersonBP/Maps/FirstPersonExampleMap.FirstPersonExampleMap:PersistentLevel.FirstPersonExampleMap'
[2018.02.09-08.51.21:526][484]LogSavePackage: Save=839.05ms
[2018.02.09-08.51.21:527][484]LogSavePackage: Moving 'E:/Git/GameDevelopment/Echoes_Of_Time/Saved/FirstPersonExampleMap33ED94A64646C5DE02B6DC9D3C31EB37.tmp' to 'E:/Git/GameDevelopment/Echoes_Of_Time/Content/FirstPersonBP/Maps/FirstPersonExampleMap.umap'
[2018.02.09-08.51.21:668][484]LogSavePackage: Display: Finished SavePackage E:/Git/GameDevelopment/Echoes_Of_Time/Content/FirstPersonBP/Maps/FirstPersonExampleMap.umap
[2018.02.09-08.51.21:777][484]LogSlate: Took 0.000151 seconds to synchronously load lazily loaded font '../../../Engine/Content/Slate/Fonts/Roboto-Regular.ttf' (155K)
[2018.02.09-08.51.21:786][484]LogFileHelpers: Saving map 'FirstPersonExampleMap' took 1.290
[2018.02.09-08.51.22:319][484]LogSavePackage: Save=289.20ms
[2018.02.09-08.51.22:319][484]LogSavePackage: Moving 'E:/Git/GameDevelopment/Echoes_Of_Time/Saved/FirstPersonExampleMap_BuiltData64050844442E680882327693363DBD38.tmp' to 'E:/Git/GameDevelopment/Echoes_Of_Time/Content/FirstPersonBP/Maps/FirstPersonExampleMap_BuiltData.uasset'
[2018.02.09-08.51.22:504][484]LogSavePackage: Display: Finished SavePackage E:/Git/GameDevelopment/Echoes_Of_Time/Content/FirstPersonBP/Maps/FirstPersonExampleMap_BuiltData.uasset
[2018.02.09-08.51.22:686][484]Cmd: OBJ SAVEPACKAGE PACKAGE="/Game/Models/lambert1" FILE="E:/Git/GameDevelopment/Echoes_Of_Time/Content/Models/lambert1.uasset" SILENT=true
[2018.02.09-08.51.22:918][484]LogSavePackage: Save=18.72ms
[2018.02.09-08.51.22:918][484]LogSavePackage: Moving 'E:/Git/GameDevelopment/Echoes_Of_Time/Saved/lambert1FDCCA2124F2CEFF22322268DFDC0F6E0.tmp' to 'E:/Git/GameDevelopment/Echoes_Of_Time/Content/Models/lambert1.uasset'
[2018.02.09-08.51.23:049][484]LogSavePackage: Display: Finished SavePackage E:/Git/GameDevelopment/Echoes_Of_Time/Content/Models/lambert1.uasset
[2018.02.09-08.51.23:141][484]LogWindowsTextInputMethodSystem: Display: IME system now deactivated.
[2018.02.09-08.51.23:399][485]Cmd: QUIT_EDITOR
[2018.02.09-08.51.24:112][485]LogExit: Preparing to exit.
[2018.02.09-08.51.24:542][485]LogExit: Editor shut down
[2018.02.09-08.51.24:546][485]LogExit: Transaction tracking system shut down
[2018.02.09-08.51.24:766][485]LogDirectoryWatcher: A directory notification for '../../../Engine/Content/' was aborted.
[2018.02.09-08.51.24:766][485]LogDirectoryWatcher: A directory notification for 'E:/Git/GameDevelopment/Echoes_Of_Time/Content/' was aborted.
[2018.02.09-08.51.24:766][485]LogDirectoryWatcher: A directory notification for '../../../Engine/Plugins/2D/Paper2D/Content/' was aborted.
[2018.02.09-08.51.24:766][485]LogDirectoryWatcher: A directory notification for '../../../Engine/Plugins/Media/MediaCompositing/Content/' was aborted.
[2018.02.09-08.51.24:766][485]LogDirectoryWatcher: A directory notification for '../../../Engine/Plugins/Runtime/AppleARKit/Content/' was aborted.
[2018.02.09-08.51.24:766][485]LogDirectoryWatcher: A directory notification for '../../../Engine/Plugins/Runtime/Oculus/OculusVR/Content/' was aborted.
[2018.02.09-08.51.24:766][485]LogDirectoryWatcher: A directory notification for '../../../Engine/Plugins/Runtime/Steam/SteamVR/Content/' was aborted.
[2018.02.09-08.51.24:815][485]LogExit: Object subsystem successfully closed.
[2018.02.09-08.51.24:840][485]LogD3D11RHI: Shutdown
[2018.02.09-08.51.24:840][485]LogD3D11RHI: CleanupD3DDevice
[2018.02.09-08.51.24:844][485]LogD3D11RHI: ~FD3D11DynamicRHI
[2018.02.09-08.51.24:851][485]LogModuleManager: Shutting down and abandoning module MovieSceneCapture (552)
[2018.02.09-08.51.24:851][485]LogModuleManager: Shutting down and abandoning module HierarchicalLODUtilities (550)
[2018.02.09-08.51.24:851][485]LogModuleManager: Shutting down and abandoning module HierarchicalLODOutliner (548)
[2018.02.09-08.51.24:851][485]LogModuleManager: Shutting down and abandoning module SceneOutliner (546)
[2018.02.09-08.51.24:851][485]LogModuleManager: Shutting down and abandoning module AddContentDialog (544)
[2018.02.09-08.51.24:851][485]LogDirectoryWatcher: A directory notification for 'D:/Games/Epic/UE_4.18/FeaturePacks/' was aborted.
[2018.02.09-08.51.24:852][485]LogModuleManager: Shutting down and abandoning module WidgetCarousel (543)
[2018.02.09-08.51.24:852][485]LogModuleManager: Shutting down and abandoning module EditorWidgets (540)
[2018.02.09-08.51.24:852][485]LogModuleManager: Shutting down and abandoning module CollectionManager (538)
[2018.02.09-08.51.24:852][485]LogDirectoryWatcher: A directory notification for 'E:/Git/GameDevelopment/Echoes_Of_Time/Content/Collections/' was aborted.
[2018.02.09-08.51.24:852][485]LogDirectoryWatcher: A directory notification for 'E:/Git/GameDevelopment/Echoes_Of_Time/Content/Developers/Kieran/Collections/' was aborted.
[2018.02.09-08.51.24:852][485]LogDirectoryWatcher: A directory notification for 'E:/Git/GameDevelopment/Echoes_Of_Time/Saved/Collections/' was aborted.
[2018.02.09-08.51.24:852][485]LogModuleManager: Shutting down and abandoning module StatsViewer (536)
[2018.02.09-08.51.24:852][485]LogModuleManager: Shutting down and abandoning module FoliageEdit (534)
[2018.02.09-08.51.24:852][485]LogModuleManager: Shutting down and abandoning module LandscapeEditor (532)
[2018.02.09-08.51.24:853][485]LogModuleManager: Shutting down and abandoning module MeshPaintMode (530)
[2018.02.09-08.51.24:853][485]LogModuleManager: Shutting down and abandoning module SceneDepthPickerMode (528)
[2018.02.09-08.51.24:853][485]LogModuleManager: Shutting down and abandoning module ActorPickerMode (526)
[2018.02.09-08.51.24:853][485]LogModuleManager: Shutting down and abandoning module GeometryMode (524)
[2018.02.09-08.51.24:853][485]LogModuleManager: Shutting down and abandoning module TextureAlignMode (522)
[2018.02.09-08.51.24:853][485]LogModuleManager: Shutting down and abandoning module BspMode (520)
[2018.02.09-08.51.24:853][485]LogModuleManager: Shutting down and abandoning module PIEPreviewDeviceProfileSelector (518)
[2018.02.09-08.51.24:853][485]LogModuleManager: Shutting down and abandoning module HardwareSurvey (516)
[2018.02.09-08.51.24:853][485]LogModuleManager: Shutting down and abandoning module SequenceRecorderSections (514)
[2018.02.09-08.51.24:853][485]LogModuleManager: Shutting down and abandoning module AutomationWorker (512)
[2018.02.09-08.51.24:853][485]LogModuleManager: Shutting down and abandoning module MatineeToLevelSequence (510)
[2018.02.09-08.51.24:853][485]LogModuleManager: Shutting down and abandoning module LevelSequenceEditor (508)
[2018.02.09-08.51.24:853][485]LogModuleManager: Shutting down and abandoning module PlacementMode (507)
[2018.02.09-08.51.24:853][485]LogModuleManager: Shutting down and abandoning module WmfMediaFactory (504)
[2018.02.09-08.51.24:853][485]LogModuleManager: Shutting down and abandoning module WmfMediaEditor (502)
[2018.02.09-08.51.24:853][485]LogModuleManager: Shutting down and abandoning module OpenExrWrapper (500)
[2018.02.09-08.51.24:853][485]LogModuleManager: Shutting down and abandoning module ImgMediaFactory (498)
[2018.02.09-08.51.24:853][485]LogModuleManager: Shutting down and abandoning module ImgMediaEditor (496)
[2018.02.09-08.51.24:853][485]LogModuleManager: Shutting down and abandoning module AvfMediaFactory (494)
[2018.02.09-08.51.24:853][485]LogModuleManager: Shutting down and abandoning module AvfMediaEditor (492)
[2018.02.09-08.51.24:853][485]LogModuleManager: Shutting down and abandoning module AndroidMediaFactory (490)
[2018.02.09-08.51.24:853][485]LogModuleManager: Shutting down and abandoning module AndroidMediaEditor (488)
[2018.02.09-08.51.24:853][485]LogModuleManager: Shutting down and abandoning module CharacterAI (486)
[2018.02.09-08.51.24:853][485]LogModuleManager: Shutting down and abandoning module AudioCapture (484)
[2018.02.09-08.51.24:853][485]LogModuleManager: Shutting down and abandoning module SequenceRecorder (483)
[2018.02.09-08.51.24:853][485]LogModuleManager: Shutting down and abandoning module SmartSnapping (480)
[2018.02.09-08.51.24:853][485]LogModuleManager: Shutting down and abandoning module SessionServices (478)
[2018.02.09-08.51.24:853][485]LogModuleManager: Shutting down and abandoning module ViewportSnapping (476)
[2018.02.09-08.51.24:853][485]LogModuleManager: Shutting down and abandoning module ViewportInteraction (474)
[2018.02.09-08.51.24:853][485]LogModuleManager: Shutting down and abandoning module ClothPainter (472)
[2018.02.09-08.51.24:853][485]LogModuleManager: Shutting down and abandoning module SkeletalMeshEditor (471)
[2018.02.09-08.51.24:853][485]LogModuleManager: Shutting down and abandoning module LogVisualizer (468)
[2018.02.09-08.51.24:853][485]LogModuleManager: Shutting down and abandoning module IntroTutorials (466)
[2018.02.09-08.51.24:853][485]LogModuleManager: Shutting down and abandoning module GameProjectGeneration (465)
[2018.02.09-08.51.24:853][485]LogModuleManager: Shutting down and abandoning module IOSPlatformEditor (462)
[2018.02.09-08.51.24:853][485]LogModuleManager: Shutting down and abandoning module HTML5PlatformEditor (460)
[2018.02.09-08.51.24:854][485]LogModuleManager: Shutting down and abandoning module AndroidPlatformEditor (458)
[2018.02.09-08.51.24:854][485]LogModuleManager: Shutting down and abandoning module AndroidDeviceDetection (457)
[2018.02.09-08.51.25:317][485]LogModuleManager: Shutting down and abandoning module WindowsPlatformEditor (454)
[2018.02.09-08.51.25:317][485]LogModuleManager: Shutting down and abandoning module IOSRuntimeSettings (452)
[2018.02.09-08.51.25:317][485]LogModuleManager: Shutting down and abandoning module AndroidRuntimeSettings (450)
[2018.02.09-08.51.25:317][485]LogModuleManager: Shutting down and abandoning module InputBindingEditor (448)
[2018.02.09-08.51.25:317][485]LogModuleManager: Shutting down and abandoning module MergeActors (446)
[2018.02.09-08.51.25:317][485]LogModuleManager: Shutting down and abandoning module SizeMap (444)
[2018.02.09-08.51.25:317][485]LogModuleManager: Shutting down and abandoning module TreeMap (442)
[2018.02.09-08.51.25:317][485]LogModuleManager: Shutting down and abandoning module ReferenceViewer (440)
[2018.02.09-08.51.25:317][485]LogModuleManager: Shutting down and abandoning module LocalizationDashboard (438)
[2018.02.09-08.51.25:317][485]LogModuleManager: Shutting down and abandoning module LocalizationService (437)
[2018.02.09-08.51.25:317][485]LogModuleManager: Shutting down and abandoning module HardwareTargeting (434)
[2018.02.09-08.51.25:317][485]LogModuleManager: Shutting down and abandoning module DeviceProfileEditor (432)
[2018.02.09-08.51.25:317][485]LogModuleManager: Shutting down and abandoning module UndoHistory (430)
[2018.02.09-08.51.25:317][485]LogModuleManager: Shutting down and abandoning module XmlParser (428)
[2018.02.09-08.51.25:317][485]LogModuleManager: Shutting down and abandoning module Blutility (426)
[2018.02.09-08.51.25:317][485]LogModuleManager: Shutting down and abandoning module ProjectSettingsViewer (424)
[2018.02.09-08.51.25:317][485]LogModuleManager: Shutting down and abandoning module ProjectTargetPlatformEditor (423)
[2018.02.09-08.51.25:317][485]LogModuleManager: Shutting down and abandoning module EditorSettingsViewer (420)
[2018.02.09-08.51.25:317][485]LogModuleManager: Shutting down and abandoning module SettingsEditor (418)
[2018.02.09-08.51.25:317][485]LogModuleManager: Shutting down and abandoning module ProjectLauncher (416)
[2018.02.09-08.51.25:317][485]LogModuleManager: Shutting down and abandoning module SessionFrontend (414)
[2018.02.09-08.51.25:317][485]LogModuleManager: Shutting down and abandoning module ProfilerClient (412)
[2018.02.09-08.51.25:317][485]LogModuleManager: Shutting down and abandoning module DeviceManager (410)
[2018.02.09-08.51.25:317][485]LogModuleManager: Shutting down and abandoning module TargetDeviceServices (409)
[2018.02.09-08.51.25:380][485]LogModuleManager: Shutting down and abandoning module AutomationController (406)
[2018.02.09-08.51.25:380][485]LogModuleManager: Shutting down and abandoning module AutomationWindow (404)
[2018.02.09-08.51.25:380][485]LogModuleManager: Shutting down and abandoning module Layers (402)
[2018.02.09-08.51.25:380][485]LogModuleManager: Shutting down and abandoning module ComponentVisualizers (400)
[2018.02.09-08.51.25:380][485]LogModuleManager: Shutting down and abandoning module DetailCustomizations (398)
[2018.02.09-08.51.25:380][485]LogModuleManager: Shutting down and abandoning module PackagesDialog (396)
[2018.02.09-08.51.25:380][485]LogModuleManager: Shutting down and abandoning module Persona (394)
[2018.02.09-08.51.25:380][485]LogModuleManager: Shutting down and abandoning module AdvancedPreviewScene (393)
[2018.02.09-08.51.25:380][485]LogModuleManager: Shutting down and abandoning module AnimGraph (391)
[2018.02.09-08.51.25:380][485]LogModuleManager: Shutting down and abandoning module Kismet (388)
[2018.02.09-08.51.25:381][485]LogModuleManager: Shutting down and abandoning module ClassViewer (386)
[2018.02.09-08.51.25:381][485]LogModuleManager: Shutting down and abandoning module Toolbox (384)
[2018.02.09-08.51.25:381][485]LogModuleManager: Shutting down and abandoning module ModuleUI (382)
[2018.02.09-08.51.25:381][485]LogModuleManager: Shutting down and abandoning module MovieSceneTools (380)
[2018.02.09-08.51.25:381][485]LogModuleManager: Shutting down and abandoning module OutputLog (378)
[2018.02.09-08.51.25:381][485]LogModuleManager: Shutting down and abandoning module GammaUI (376)
[2018.02.09-08.51.25:381][485]LogModuleManager: Shutting down and abandoning module Documentation (374)
[2018.02.09-08.51.25:381][485]LogModuleManager: Shutting down and abandoning module MovieSceneTracks (372)
[2018.02.09-08.51.25:381][485]LogModuleManager: Shutting down and abandoning module MovieScene (370)
[2018.02.09-08.51.25:381][485]LogModuleManager: Shutting down and abandoning module StreamingPauseRendering (368)
[2018.02.09-08.51.25:381][485]LogModuleManager: Shutting down and abandoning module LauncherPlatform (366)
[2018.02.09-08.51.25:381][485]LogModuleManager: Shutting down and abandoning module AnalyticsET (364)
[2018.02.09-08.51.25:381][485]LogModuleManager: Shutting down and abandoning module PortalServices (362)
[2018.02.09-08.51.25:381][485]LogModuleManager: Shutting down and abandoning module PortalRpc (360)
[2018.02.09-08.51.25:381][485]LogModuleManager: Shutting down and abandoning module MessagingRpc (358)
[2018.02.09-08.51.25:381][485]LogModuleManager: Shutting down and abandoning module AIModule (356)
[2018.02.09-08.51.25:381][485]LogModuleManager: Shutting down and abandoning module GameplayDebugger (355)
[2018.02.09-08.51.25:381][485]LogModuleManager: Shutting down and abandoning module AITestSuite (353)
[2018.02.09-08.51.25:381][485]LogModuleManager: Shutting down and abandoning module DesktopPlatform (350)
[2018.02.09-08.51.25:381][485]LogModuleManager: Shutting down and abandoning module ProfilerService (348)
[2018.02.09-08.51.25:446][485]LogModuleManager: Shutting down and abandoning module TaskGraph (346)
[2018.02.09-08.51.25:446][485]LogModuleManager: Shutting down and abandoning module SteamVRController (344)
[2018.02.09-08.51.25:446][485]LogModuleManager: Shutting down and abandoning module ProceduralMeshComponentEditor (342)
[2018.02.09-08.51.25:446][485]LogModuleManager: Shutting down and abandoning module ProceduralMeshComponent (340)
[2018.02.09-08.51.25:446][485]LogModuleManager: Shutting down and abandoning module OculusInput (338)
[2018.02.09-08.51.25:446][485]LogModuleManager: Shutting down and abandoning module MobilePatchingUtils (336)
[2018.02.09-08.51.25:446][485]LogModuleManager: Shutting down and abandoning module CustomMeshComponent (334)
[2018.02.09-08.51.25:446][485]LogModuleManager: Shutting down and abandoning module CableComponent (332)
[2018.02.09-08.51.25:446][485]LogModuleManager: Shutting down and abandoning module ArchVisCharacter (330)
[2018.02.09-08.51.25:446][485]LogModuleManager: Shutting down and abandoning module AndroidPermission (328)
[2018.02.09-08.51.25:446][485]LogModuleManager: Shutting down and abandoning module ActorSequence (324)
[2018.02.09-08.51.25:446][485]LogModuleManager: Shutting down and abandoning module MediaPlayerEditor (322)
[2018.02.09-08.51.25:446][485]LogModuleManager: Shutting down and abandoning module MediaCompositingEditor (320)
[2018.02.09-08.51.25:446][485]LogModuleManager: Shutting down and abandoning module MediaCompositing (318)
[2018.02.09-08.51.25:446][485]LogModuleManager: Shutting down and abandoning module HTML5Networking (316)
[2018.02.09-08.51.25:446][485]LogModuleManager: Shutting down and abandoning module AlembicImporter (314)
[2018.02.09-08.51.25:446][485]LogModuleManager: Shutting down and abandoning module AlembicLibrary (313)
[2018.02.09-08.51.25:446][485]LogModuleManager: Shutting down and abandoning module GeometryCache (312)
[2018.02.09-08.51.25:446][485]LogModuleManager: Shutting down and abandoning module GeometryCacheEd (311)
[2018.02.09-08.51.25:446][485]LogModuleManager: Shutting down and abandoning module SpeedTreeImporter (306)
[2018.02.09-08.51.25:446][485]LogModuleManager: Shutting down and abandoning module PluginBrowser (304)
[2018.02.09-08.51.25:446][485]LogModuleManager: Shutting down and abandoning module MobileLauncherProfileWizard (302)
[2018.02.09-08.51.25:446][485]LogModuleManager: Shutting down and abandoning module VisualStudioSourceCodeAccess (300)
[2018.02.09-08.51.25:446][485]LogModuleManager: Shutting down and abandoning module VisualStudioCodeSourceCodeAccess (298)
[2018.02.09-08.51.25:446][485]LogModuleManager: Shutting down and abandoning module UObjectPlugin (296)
[2018.02.09-08.51.25:446][485]LogModuleManager: Shutting down and abandoning module SubversionSourceControl (294)
[2018.02.09-08.51.25:446][485]LogModuleManager: Shutting down and abandoning module PerforceSourceControl (292)
[2018.02.09-08.51.25:446][485]LogModuleManager: Shutting down and abandoning module GitSourceControl (290)
[2018.02.09-08.51.25:446][485]LogModuleManager: Shutting down and abandoning module SourceControl (289)
[2018.02.09-08.51.25:446][485]LogModuleManager: Shutting down and abandoning module LightPropagationVolumeEditor (286)
[2018.02.09-08.51.25:446][485]LogModuleManager: Shutting down and abandoning module PaperTiledImporter (284)
[2018.02.09-08.51.25:446][485]LogModuleManager: Shutting down and abandoning module PaperSpriteSheetImporter (282)
[2018.02.09-08.51.25:446][485]LogModuleManager: Shutting down and abandoning module Paper2DEditor (280)
[2018.02.09-08.51.25:447][485]LogModuleManager: Shutting down and abandoning module MeshPaint (279)
[2018.02.09-08.51.25:447][485]LogModuleManager: Shutting down and abandoning module LevelEditor (277)
[2018.02.09-08.51.25:447][485]LogModuleManager: Shutting down and abandoning module PixelInspectorModule (276)
[2018.02.09-08.51.25:447][485]LogModuleManager: Shutting down and abandoning module MainFrame (274)
[2018.02.09-08.51.25:447][485]LogModuleManager: Shutting down and abandoning module HotReload (273)
[2018.02.09-08.51.25:448][485]LogModuleManager: Shutting down and abandoning module RuntimePhysXCooking (268)
[2018.02.09-08.51.25:448][485]LogModuleManager: Shutting down and abandoning module PhysXVehiclesEditor (266)
[2018.02.09-08.51.25:448][485]LogModuleManager: Shutting down and abandoning module PhysXVehicles (264)
[2018.02.09-08.51.25:448][485]LogModuleManager: Shutting down and abandoning module OculusEditor (262)
[2018.02.09-08.51.25:448][485]LogModuleManager: Shutting down and abandoning module LocationServicesBPLibrary (260)
[2018.02.09-08.51.25:448][485]LogModuleManager: Shutting down and abandoning module ImmediatePhysicsEditor (258)
[2018.02.09-08.51.25:448][485]LogModuleManager: Shutting down and abandoning module ImmediatePhysics (256)
[2018.02.09-08.51.25:448][485]LogModuleManager: Shutting down and abandoning module UdpMessaging (254)
[2018.02.09-08.51.25:548][485]LogModuleManager: Shutting down and abandoning module TcpMessaging (252)
[2018.02.09-08.51.25:649][485]LogModuleManager: Shutting down and abandoning module GameplayTagsEditor (250)
[2018.02.09-08.51.25:649][485]LogModuleManager: Shutting down and abandoning module FacialAnimationEditor (248)
[2018.02.09-08.51.25:649][485]LogModuleManager: Shutting down and abandoning module FacialAnimation (246)
[2018.02.09-08.51.25:649][485]LogModuleManager: Shutting down and abandoning module AssetManagerEditor (244)
[2018.02.09-08.51.25:649][485]LogModuleManager: Shutting down and abandoning module GraphEditor (243)
[2018.02.09-08.51.25:649][485]LogModuleManager: Shutting down and abandoning module ContentBrowser (241)
[2018.02.09-08.51.25:650][485]LogModuleManager: Shutting down and abandoning module LightPropagationVolumeRuntime (238)
[2018.02.09-08.51.25:650][485]LogModuleManager: Shutting down and abandoning module Paper2D (236)
[2018.02.09-08.51.25:650][485]LogModuleManager: Shutting down and abandoning module WindowsMoviePlayer (234)
[2018.02.09-08.51.25:650][485]LogModuleManager: Shutting down and abandoning module WmfMedia (232)
[2018.02.09-08.51.25:650][485]LogModuleManager: Shutting down and abandoning module ImgMedia (230)
[2018.02.09-08.51.25:650][485]LogModuleManager: Shutting down and abandoning module PacketHandler (228)
[2018.02.09-08.51.25:650][485]LogModuleManager: Shutting down and abandoning module ClothingSystemEditor (226)
[2018.02.09-08.51.25:650][485]LogModuleManager: Shutting down and abandoning module ClothingSystemRuntime (224)
[2018.02.09-08.51.25:650][485]LogModuleManager: Shutting down and abandoning module MediaAssets (222)
[2018.02.09-08.51.25:650][485]LogModuleManager: Shutting down and abandoning module Media (221)
[2018.02.09-08.51.25:656][485]LogModuleManager: Shutting down and abandoning module Overlay (218)
[2018.02.09-08.51.25:656][485]LogModuleManager: Shutting down and abandoning module OverlayEditor (217)
[2018.02.09-08.51.25:656][485]LogModuleManager: Shutting down and abandoning module VREditor (214)
[2018.02.09-08.51.25:656][485]LogModuleManager: Shutting down and abandoning module StringTableEditor (212)
[2018.02.09-08.51.25:656][485]LogModuleManager: Shutting down and abandoning module GameplayTasksEditor (210)
[2018.02.09-08.51.25:656][485]LogModuleManager: Shutting down and abandoning module BehaviorTreeEditor (208)
[2018.02.09-08.51.25:656][485]LogModuleManager: Shutting down and abandoning module FunctionalTesting (206)
[2018.02.09-08.51.25:656][485]LogModuleManager: Shutting down and abandoning module CollisionAnalyzer (204)
[2018.02.09-08.51.25:656][485]LogModuleManager: Shutting down and abandoning module WorkspaceMenuStructure (203)
[2018.02.09-08.51.25:656][485]LogModuleManager: Shutting down and abandoning module UMG (200)
[2018.02.09-08.51.25:656][485]LogModuleManager: Shutting down and abandoning module UMGEditor (199)
[2018.02.09-08.51.25:656][485]LogModuleManager: Shutting down and abandoning module Sequencer (198)
[2018.02.09-08.51.25:656][485]LogModuleManager: Shutting down and abandoning module MessageLog (195)
[2018.02.09-08.51.25:656][485]LogModuleManager: Shutting down and abandoning module SlateReflector (190)
[2018.02.09-08.51.25:656][485]LogModuleManager: Shutting down and abandoning module Slate (188)
[2018.02.09-08.51.25:656][485]LogModuleManager: Shutting down and abandoning module EditorStyle (186)
[2018.02.09-08.51.25:658][485]LogModuleManager: Shutting down and abandoning module MRMesh (184)
[2018.02.09-08.51.25:658][485]LogModuleManager: Shutting down and abandoning module SourceCodeAccess (182)
[2018.02.09-08.51.25:658][485]LogModuleManager: Shutting down and abandoning module HeadMountedDisplay (180)
[2018.02.09-08.51.25:658][485]LogModuleManager: Shutting down and abandoning module XAudio2 (178)
[2018.02.09-08.51.25:658][485]LogModuleManager: Shutting down and abandoning module Networking (176)
[2018.02.09-08.51.25:658][485]LogModuleManager: Shutting down and abandoning module Core (172)
[2018.02.09-08.51.25:658][485]LogModuleManager: Shutting down and abandoning module LevelSequence (168)
[2018.02.09-08.51.25:658][485]LogModuleManager: Shutting down and abandoning module DirectoryWatcher (166)
[2018.02.09-08.51.25:659][485]LogModuleManager: Shutting down and abandoning module KismetCompiler (164)
[2018.02.09-08.51.25:659][485]LogModuleManager: Shutting down and abandoning module MeshUtilities (162)
[2018.02.09-08.51.25:659][485]LogModuleManager: Shutting down and abandoning module MeshMergeUtilities (161)
[2018.02.09-08.51.25:659][485]LogModuleManager: Shutting down and abandoning module MeshReductionInterface (160)
[2018.02.09-08.51.25:659][485]LogModuleManager: Shutting down and abandoning module SimplygonSwarm (159)
[2018.02.09-08.51.25:659][485]LogModuleManager: Shutting down and abandoning module SimplygonMeshReduction (157)
[2018.02.09-08.51.25:659][485]LogModuleManager: Shutting down and abandoning module QuadricMeshReduction (155)
[2018.02.09-08.51.25:659][485]LogModuleManager: Shutting down and abandoning module MaterialBaking (151)
[2018.02.09-08.51.25:659][485]LogModuleManager: Shutting down and abandoning module DerivedDataCache (148)
[2018.02.09-08.51.25:689][485]LogDerivedDataCache: Shutdown
[2018.02.09-08.51.25:689][485]LogModuleManager: Shutting down and abandoning module TargetPlatform (146)
[2018.02.09-08.51.25:689][485]LogModuleManager: Shutting down and abandoning module VulkanShaderFormat (145)
[2018.02.09-08.51.25:689][485]LogModuleManager: Shutting down and abandoning module ShaderFormatVectorVM (143)
[2018.02.09-08.51.25:689][485]LogModuleManager: Shutting down and abandoning module ShaderFormatOpenGL (141)
[2018.02.09-08.51.25:689][485]LogModuleManager: Shutting down and abandoning module ShaderFormatD3D (139)
[2018.02.09-08.51.25:689][485]LogModuleManager: Shutting down and abandoning module MetalShaderFormat (137)
[2018.02.09-08.51.25:689][485]LogModuleManager: Shutting down and abandoning module TextureFormatUncompressed (135)
[2018.02.09-08.51.25:689][485]LogModuleManager: Shutting down and abandoning module TextureFormatPVR (133)
[2018.02.09-08.51.25:689][485]LogModuleManager: Shutting down and abandoning module TextureFormatDXT (131)
[2018.02.09-08.51.25:689][485]LogModuleManager: Shutting down and abandoning module TextureFormatIntelISPCTexComp (129)
[2018.02.09-08.51.25:689][485]LogModuleManager: Shutting down and abandoning module TextureFormatASTC (127)
[2018.02.09-08.51.25:689][485]LogModuleManager: Shutting down and abandoning module ImageWrapper (126)
[2018.02.09-08.51.25:689][485]LogModuleManager: Shutting down and abandoning module TextureFormatAndroid (123)
[2018.02.09-08.51.25:689][485]LogModuleManager: Shutting down and abandoning module AudioFormatOpus (121)
[2018.02.09-08.51.25:689][485]LogModuleManager: Shutting down and abandoning module AudioFormatOgg (119)
[2018.02.09-08.51.25:689][485]LogModuleManager: Shutting down and abandoning module AudioFormatADPCM (117)
[2018.02.09-08.51.25:689][485]LogModuleManager: Shutting down and abandoning module LinuxTargetPlatform (115)
[2018.02.09-08.51.25:689][485]LogModuleManager: Shutting down and abandoning module LinuxServerTargetPlatform (113)
[2018.02.09-08.51.25:689][485]LogModuleManager: Shutting down and abandoning module LinuxNoEditorTargetPlatform (111)
[2018.02.09-08.51.25:689][485]LogModuleManager: Shutting down and abandoning module LinuxClientTargetPlatform (109)
[2018.02.09-08.51.25:689][485]LogModuleManager: Shutting down and abandoning module TVOSTargetPlatform (107)
[2018.02.09-08.51.25:689][485]LogModuleManager: Shutting down and abandoning module Messaging (105)
[2018.02.09-08.51.25:689][485]LogModuleManager: Shutting down and abandoning module IOSTargetPlatform (103)
[2018.02.09-08.51.25:689][485]LogModuleManager: Shutting down and abandoning module HTML5TargetPlatform (101)
[2018.02.09-08.51.25:689][485]LogModuleManager: Shutting down and abandoning module AndroidTargetPlatform (99)
[2018.02.09-08.51.25:689][485]LogModuleManager: Shutting down and abandoning module Android_PVRTCTargetPlatform (97)
[2018.02.09-08.51.25:689][485]LogModuleManager: Shutting down and abandoning module Android_MultiTargetPlatform (95)
[2018.02.09-08.51.25:689][485]LogModuleManager: Shutting down and abandoning module Android_ETC2TargetPlatform (93)
[2018.02.09-08.51.25:689][485]LogModuleManager: Shutting down and abandoning module Android_ETC1TargetPlatform (91)
[2018.02.09-08.51.25:689][485]LogModuleManager: Shutting down and abandoning module Android_DXTTargetPlatform (89)
[2018.02.09-08.51.25:689][485]LogModuleManager: Shutting down and abandoning module Android_ATCTargetPlatform (87)
[2018.02.09-08.51.25:689][485]LogModuleManager: Shutting down and abandoning module Android_ASTCTargetPlatform (85)
[2018.02.09-08.51.25:689][485]LogModuleManager: Shutting down and abandoning module WindowsTargetPlatform (83)
[2018.02.09-08.51.25:689][485]LogModuleManager: Shutting down and abandoning module WindowsServerTargetPlatform (81)
[2018.02.09-08.51.25:689][485]LogModuleManager: Shutting down and abandoning module WindowsNoEditorTargetPlatform (79)
[2018.02.09-08.51.25:689][485]LogModuleManager: Shutting down and abandoning module WindowsClientTargetPlatform (77)
[2018.02.09-08.51.25:689][485]LogModuleManager: Shutting down and abandoning module MacTargetPlatform (75)
[2018.02.09-08.51.25:689][485]LogModuleManager: Shutting down and abandoning module MacServerTargetPlatform (73)
[2018.02.09-08.51.25:689][485]LogModuleManager: Shutting down and abandoning module MacNoEditorTargetPlatform (71)
[2018.02.09-08.51.25:689][485]LogModuleManager: Shutting down and abandoning module MacClientTargetPlatform (69)
[2018.02.09-08.51.25:690][485]LogModuleManager: Shutting down and abandoning module AllDesktopTargetPlatform (67)
[2018.02.09-08.51.25:690][485]LogModuleManager: Shutting down and abandoning module InputCore (64)
[2018.02.09-08.51.25:690][485]LogModuleManager: Shutting down and abandoning module Settings (62)
[2018.02.09-08.51.25:690][485]LogModuleManager: Shutting down and abandoning module PhysXCooking (60)
[2018.02.09-08.51.25:690][485]LogModuleManager: Shutting down and abandoning module SteamVR (58)
[2018.02.09-08.51.25:690][485]LogModuleManager: Shutting down and abandoning module OculusHMD (56)
[2018.02.09-08.51.25:690][485]LogModuleManager: Shutting down and abandoning module ExampleDeviceProfileSelector (54)
[2018.02.09-08.51.25:690][485]LogModuleManager: Shutting down and abandoning module AppleARKit (52)
[2018.02.09-08.51.25:690][485]LogModuleManager: Shutting down and abandoning module AugmentedReality (51)
[2018.02.09-08.51.25:690][485]LogModuleManager: Shutting down and abandoning module OnlineBlueprintSupport (48)
[2018.02.09-08.51.25:690][485]LogModuleManager: Shutting down and abandoning module OnlineSubsystem (44)
[2018.02.09-08.51.25:690][485]LogModuleManager: Shutting down and abandoning module XMPP (43)
[2018.02.09-08.51.25:690][485]LogModuleManager: Shutting down and abandoning module HTTP (41)
[2018.02.09-08.51.25:690][485]LogHttp: Display: Http module shutting down, but needs to wait on 1 outstanding Http requests:
[2018.02.09-08.51.25:690][485]LogHttp: Display: 	verb=[POST] url=[https://datarouter.ol.epicgames.com/datarouter/api/v1/public/data?SessionID=%7B4BE88A9E-4738-B6A4-BEDC-F48B9B5638A9%7D&AppID=UEEditor.Rocket.Release&AppVersion=4.18.3-3832480%2B%2B%2BUE4%2BRelease-4.18&UserID=4006c3fa4561a1e324beb88edaa535a4%7C2c920b8bda224cb89d3cabe52d91b081%7C589cd110-ebed-4639-80ec-5656b45da0da&AppEnvironment=datacollector-binary&UploadType=eteventstream] status=Processing
[2018.02.09-08.51.25:697][485]LogModuleManager: Shutting down and abandoning module SSL (40)
[2018.02.09-08.51.25:698][485]LogModuleManager: Shutting down and abandoning module AnimationModifiers (36)
[2018.02.09-08.51.25:698][485]LogModuleManager: Shutting down and abandoning module PropertyEditor (35)
[2018.02.09-08.51.25:698][485]LogModuleManager: Shutting down and abandoning module AudioEditor (32)
[2018.02.09-08.51.25:698][485]LogModuleManager: Shutting down and abandoning module TextureCompressor (30)
[2018.02.09-08.51.25:698][485]LogModuleManager: Shutting down and abandoning module ShaderCore (28)
[2018.02.09-08.51.25:698][485]LogModuleManager: Shutting down and abandoning module Landscape (26)
[2018.02.09-08.51.25:698][485]LogModuleManager: Shutting down and abandoning module SlateRHIRenderer (24)
[2018.02.09-08.51.25:699][485]LogModuleManager: Shutting down and abandoning module OpenGLDrv (22)
[2018.02.09-08.51.25:699][485]LogModuleManager: Shutting down and abandoning module D3D11RHI (20)
[2018.02.09-08.51.25:699][485]LogModuleManager: Shutting down and abandoning module AnimGraphRuntime (18)
[2018.02.09-08.51.25:699][485]LogModuleManager: Shutting down and abandoning module Renderer (16)
[2018.02.09-08.51.25:699][485]LogModuleManager: Shutting down and abandoning module Engine (14)
[2018.02.09-08.51.25:699][485]LogModuleManager: Shutting down and abandoning module CoreUObject (12)
[2018.02.09-08.51.25:699][485]LogModuleManager: Shutting down and abandoning module NetworkFile (10)
[2018.02.09-08.51.25:699][485]LogModuleManager: Shutting down and abandoning module CookedIterativeFile (8)
[2018.02.09-08.51.25:699][485]LogModuleManager: Shutting down and abandoning module StreamingFile (6)
[2018.02.09-08.51.25:699][485]LogModuleManager: Shutting down and abandoning module SandboxFile (4)
[2018.02.09-08.51.25:699][485]LogModuleManager: Shutting down and abandoning module PakFile (2)
[2018.02.09-08.51.25:705][485]LogExit: Exiting.
[2018.02.09-08.51.25:719][485]Log file closed, 02/09/18 08:51:25
